[ 2019-11-09T11:06:30+08:00 ] 47.101.200.166 /
INFO: [ app_init ] --START--
INFO: Run Behavior\BuildLiteBehavior [ RunTime:0.000000s ]
INFO: [ app_init ] --END-- [ RunTime:0.001953s ]
INFO: [ app_begin ] --START--
INFO: Run Behavior\ReadHtmlCacheBehavior [ RunTime:0.000977s ]
INFO: Run Behavior\CheckLangBehavior [ RunTime:0.000976s ]
INFO: [ app_begin ] --END-- [ RunTime:0.001953s ]
SQL: SHOW COLUMNS FROM `qy_block` [ RunTime:0.0029s ]
SQL: SELECT * FROM `qy_block` WHERE ( title = 'index_logo' ) LIMIT 1   [ RunTime:0.0029s ]
SQL: SELECT * FROM `qy_block` WHERE ( title = 'index_about' ) LIMIT 1   [ RunTime:0.0029s ]
SQL: SELECT * FROM `qy_block` WHERE ( title = 'dinner_index' ) LIMIT 1   [ RunTime:0.0029s ]
SQL: SELECT * FROM `qy_block` WHERE ( title = 'Water_index' ) LIMIT 1   [ RunTime:0.0029s ]
SQL: SELECT * FROM `qy_block` WHERE ( title = 'Activity_index' ) LIMIT 1   [ RunTime:0.0029s ]
SQL: SELECT * FROM `qy_block` WHERE ( title = 'Product_index' ) LIMIT 1   [ RunTime:0.0029s ]
SQL: SELECT * FROM `qy_block` WHERE ( title = 'honor_index' ) LIMIT 1   [ RunTime:0.0029s ]
NOTIC: [8] Undefined index: aa D:\www\ahnluh.com\Application\Home\Controller\IndexController.class.php 第 61 行.
INFO: [ view_parse ] --START--
INFO: [ template_filter ] --START--
INFO: Run Behavior\ContentReplaceBehavior [ RunTime:0.000977s ]
INFO: [ template_filter ] --END-- [ RunTime:0.000977s ]
NOTIC: [8] Undefined index: think_language D:\www\ahnluh.com\Application\Runtime\Cache\Home\2a94b8bda04ff446dcedd42276fc99ee.php 第 8 行.
NOTIC: [8] Undefined index: think_language D:\www\ahnluh.com\Application\Runtime\Cache\Home\2a94b8bda04ff446dcedd42276fc99ee.php 第 14 行.
NOTIC: [8] Undefined index: think_language D:\www\ahnluh.com\Application\Runtime\Cache\Home\2a94b8bda04ff446dcedd42276fc99ee.php 第 160 行.
NOTIC: [8] Undefined index: think_language D:\www\ahnluh.com\Application\Runtime\Cache\Home\2a94b8bda04ff446dcedd42276fc99ee.php 第 846 行.
NOTIC: [8] Undefined index: think_language D:\www\ahnluh.com\Application\Runtime\Cache\Home\2a94b8bda04ff446dcedd42276fc99ee.php 第 859 行.
INFO: Run Behavior\ParseTemplateBehavior [ RunTime:0.028318s ]
INFO: [ view_parse ] --END-- [ RunTime:0.028318s ]
INFO: [ view_filter ] --START--
INFO: Run Behavior\WriteHtmlCacheBehavior [ RunTime:0.000977s ]
INFO: [ view_filter ] --END-- [ RunTime:0.000977s ]
INFO: [ app_end ] --START--
INFO: Run Behavior\ShowPageTraceBehavior [ RunTime:0.000976s ]
INFO: [ app_end ] --END-- [ RunTime:0.000976s ]

[ 2019-11-09T15:55:50+08:00 ] 47.97.216.82 /
INFO: [ app_init ] --START--
INFO: Run Behavior\BuildLiteBehavior [ RunTime:0.000000s ]
INFO: [ app_init ] --END-- [ RunTime:0.000000s ]
INFO: [ app_begin ] --START--
INFO: Run Behavior\ReadHtmlCacheBehavior [ RunTime:0.000000s ]
INFO: Run Behavior\CheckLangBehavior [ RunTime:0.000977s ]
INFO: [ app_begin ] --END-- [ RunTime:0.000977s ]
SQL: SHOW COLUMNS FROM `qy_block` [ RunTime:0.0029s ]
SQL: SELECT * FROM `qy_block` WHERE ( title = 'index_logo' ) LIMIT 1   [ RunTime:0.0029s ]
SQL: SELECT * FROM `qy_block` WHERE ( title = 'index_about' ) LIMIT 1   [ RunTime:0.0029s ]
SQL: SELECT * FROM `qy_block` WHERE ( title = 'dinner_index' ) LIMIT 1   [ RunTime:0.0020s ]
SQL: SELECT * FROM `qy_block` WHERE ( title = 'Water_index' ) LIMIT 1   [ RunTime:0.0029s ]
SQL: SELECT * FROM `qy_block` WHERE ( title = 'Activity_index' ) LIMIT 1   [ RunTime:0.0020s ]
SQL: SELECT * FROM `qy_block` WHERE ( title = 'Product_index' ) LIMIT 1   [ RunTime:0.0020s ]
SQL: SELECT * FROM `qy_block` WHERE ( title = 'honor_index' ) LIMIT 1   [ RunTime:0.0020s ]
NOTIC: [8] Undefined index: aa D:\www\ahnluh.com\Application\Home\Controller\IndexController.class.php 第 61 行.
INFO: [ view_parse ] --START--
INFO: [ template_filter ] --START--
INFO: Run Behavior\ContentReplaceBehavior [ RunTime:0.000976s ]
INFO: [ template_filter ] --END-- [ RunTime:0.000976s ]
NOTIC: [8] Undefined index: think_language D:\www\ahnluh.com\Application\Runtime\Cache\Home\2a94b8bda04ff446dcedd42276fc99ee.php 第 8 行.
NOTIC: [8] Undefined index: think_language D:\www\ahnluh.com\Application\Runtime\Cache\Home\2a94b8bda04ff446dcedd42276fc99ee.php 第 14 行.
NOTIC: [8] Undefined index: think_language D:\www\ahnluh.com\Application\Runtime\Cache\Home\2a94b8bda04ff446dcedd42276fc99ee.php 第 160 行.
NOTIC: [8] Undefined index: think_language D:\www\ahnluh.com\Application\Runtime\Cache\Home\2a94b8bda04ff446dcedd42276fc99ee.php 第 846 行.
NOTIC: [8] Undefined index: think_language D:\www\ahnluh.com\Application\Runtime\Cache\Home\2a94b8bda04ff446dcedd42276fc99ee.php 第 859 行.
INFO: Run Behavior\ParseTemplateBehavior [ RunTime:0.023438s ]
INFO: [ view_parse ] --END-- [ RunTime:0.023438s ]
INFO: [ view_filter ] --START--
INFO: Run Behavior\WriteHtmlCacheBehavior [ RunTime:0.000977s ]
INFO: [ view_filter ] --END-- [ RunTime:0.000977s ]
INFO: [ app_end ] --START--
INFO: Run Behavior\ShowPageTraceBehavior [ RunTime:0.000976s ]
INFO: [ app_end ] --END-- [ RunTime:0.000976s ]

[ 2019-11-09T18:25:34+08:00 ] 106.11.158.195 /index.php/Water/detail/id/2?lang=zh-cn
INFO: [ app_init ] --START--
INFO: Run Behavior\BuildLiteBehavior [ RunTime:0.000000s ]
INFO: [ app_init ] --END-- [ RunTime:0.000977s ]
INFO: [ app_begin ] --START--
INFO: Run Behavior\ReadHtmlCacheBehavior [ RunTime:0.000977s ]
INFO: Run Behavior\CheckLangBehavior [ RunTime:0.001953s ]
INFO: [ app_begin ] --END-- [ RunTime:0.002930s ]
SQL: SHOW COLUMNS FROM `qy_shuiliao` [ RunTime:0.0039s ]
SQL: SELECT * FROM `qy_shuiliao` WHERE `id` = 2 LIMIT 1   [ RunTime:0.0020s ]
INFO: [ view_parse ] --START--
INFO: [ template_filter ] --START--
INFO: Run Behavior\ContentReplaceBehavior [ RunTime:0.000000s ]
INFO: [ template_filter ] --END-- [ RunTime:0.000000s ]
INFO: Run Behavior\ParseTemplateBehavior [ RunTime:0.019532s ]
INFO: [ view_parse ] --END-- [ RunTime:0.019532s ]
INFO: [ view_filter ] --START--
INFO: Run Behavior\WriteHtmlCacheBehavior [ RunTime:0.000000s ]
INFO: [ view_filter ] --END-- [ RunTime:0.000000s ]
INFO: [ app_end ] --START--
INFO: Run Behavior\ShowPageTraceBehavior [ RunTime:0.000000s ]
INFO: [ app_end ] --END-- [ RunTime:0.000976s ]

