[ 2019-12-08T01:47:45+08:00 ] 106.11.159.230 /index.php/Anlu/index?lang=en-us
INFO: [ app_init ] --START--
INFO: Run Behavior\BuildLiteBehavior [ RunTime:0.000000s ]
INFO: [ app_init ] --END-- [ RunTime:0.000000s ]
INFO: [ app_begin ] --START--
INFO: Run Behavior\ReadHtmlCacheBehavior [ RunTime:0.000000s ]
INFO: Run Behavior\CheckLangBehavior [ RunTime:0.001953s ]
INFO: [ app_begin ] --END-- [ RunTime:0.001953s ]
SQL: SHOW COLUMNS FROM `qy_block` [ RunTime:0.0029s ]
SQL: SELECT * FROM `qy_block` WHERE ( title = 'about_about' ) LIMIT 1   [ RunTime:0.0029s ]
INFO: [ view_parse ] --START--
INFO: [ template_filter ] --START--
INFO: Run Behavior\ContentReplaceBehavior [ RunTime:0.000000s ]
INFO: [ template_filter ] --END-- [ RunTime:0.000000s ]
INFO: Run Behavior\ParseTemplateBehavior [ RunTime:0.020507s ]
INFO: [ view_parse ] --END-- [ RunTime:0.020507s ]
INFO: [ view_filter ] --START--
INFO: Run Behavior\WriteHtmlCacheBehavior [ RunTime:0.000000s ]
INFO: [ view_filter ] --END-- [ RunTime:0.000000s ]
INFO: [ app_end ] --START--
INFO: Run Behavior\ShowPageTraceBehavior [ RunTime:0.000976s ]
INFO: [ app_end ] --END-- [ RunTime:0.000976s ]

[ 2019-12-08T04:47:17+08:00 ] 47.100.7.135 /
INFO: [ app_init ] --START--
INFO: Run Behavior\BuildLiteBehavior [ RunTime:0.000000s ]
INFO: [ app_init ] --END-- [ RunTime:0.000976s ]
INFO: [ app_begin ] --START--
INFO: Run Behavior\ReadHtmlCacheBehavior [ RunTime:0.000977s ]
INFO: Run Behavior\CheckLangBehavior [ RunTime:0.000977s ]
INFO: [ app_begin ] --END-- [ RunTime:0.001954s ]
SQL: SHOW COLUMNS FROM `qy_block` [ RunTime:0.0020s ]
SQL: SELECT * FROM `qy_block` WHERE ( title = 'index_logo' ) LIMIT 1   [ RunTime:0.0029s ]
SQL: SELECT * FROM `qy_block` WHERE ( title = 'index_about' ) LIMIT 1   [ RunTime:0.0010s ]
SQL: SELECT * FROM `qy_block` WHERE ( title = 'dinner_index' ) LIMIT 1   [ RunTime:0.0020s ]
SQL: SELECT * FROM `qy_block` WHERE ( title = 'Water_index' ) LIMIT 1   [ RunTime:0.0020s ]
SQL: SELECT * FROM `qy_block` WHERE ( title = 'Activity_index' ) LIMIT 1   [ RunTime:0.0020s ]
SQL: SELECT * FROM `qy_block` WHERE ( title = 'Product_index' ) LIMIT 1   [ RunTime:0.0020s ]
SQL: SELECT * FROM `qy_block` WHERE ( title = 'honor_index' ) LIMIT 1   [ RunTime:0.0020s ]
NOTIC: [8] Undefined index: aa D:\www\ahnluh.com\Application\Home\Controller\IndexController.class.php 第 61 行.
INFO: [ view_parse ] --START--
INFO: [ template_filter ] --START--
INFO: Run Behavior\ContentReplaceBehavior [ RunTime:0.000000s ]
INFO: [ template_filter ] --END-- [ RunTime:0.000000s ]
NOTIC: [8] Undefined index: think_language D:\www\ahnluh.com\Application\Runtime\Cache\Home\2a94b8bda04ff446dcedd42276fc99ee.php 第 8 行.
NOTIC: [8] Undefined index: think_language D:\www\ahnluh.com\Application\Runtime\Cache\Home\2a94b8bda04ff446dcedd42276fc99ee.php 第 14 行.
NOTIC: [8] Undefined index: think_language D:\www\ahnluh.com\Application\Runtime\Cache\Home\2a94b8bda04ff446dcedd42276fc99ee.php 第 160 行.
NOTIC: [8] Undefined index: think_language D:\www\ahnluh.com\Application\Runtime\Cache\Home\2a94b8bda04ff446dcedd42276fc99ee.php 第 846 行.
NOTIC: [8] Undefined index: think_language D:\www\ahnluh.com\Application\Runtime\Cache\Home\2a94b8bda04ff446dcedd42276fc99ee.php 第 859 行.
INFO: Run Behavior\ParseTemplateBehavior [ RunTime:0.028321s ]
INFO: [ view_parse ] --END-- [ RunTime:0.028321s ]
INFO: [ view_filter ] --START--
INFO: Run Behavior\WriteHtmlCacheBehavior [ RunTime:0.000977s ]
INFO: [ view_filter ] --END-- [ RunTime:0.000977s ]
INFO: [ app_end ] --START--
INFO: Run Behavior\ShowPageTraceBehavior [ RunTime:0.000977s ]
INFO: [ app_end ] --END-- [ RunTime:0.000977s ]

[ 2019-12-08T08:56:32+08:00 ] 106.11.152.225 /index.php/Contact/index?lang=zh-cn
INFO: [ app_init ] --START--
INFO: Run Behavior\BuildLiteBehavior [ RunTime:0.000000s ]
INFO: [ app_init ] --END-- [ RunTime:0.000976s ]
INFO: [ app_begin ] --START--
INFO: Run Behavior\ReadHtmlCacheBehavior [ RunTime:0.000977s ]
INFO: Run Behavior\CheckLangBehavior [ RunTime:0.000977s ]
INFO: [ app_begin ] --END-- [ RunTime:0.001954s ]
INFO: [ view_parse ] --START--
INFO: [ template_filter ] --START--
INFO: Run Behavior\ContentReplaceBehavior [ RunTime:0.000000s ]
INFO: [ template_filter ] --END-- [ RunTime:0.000000s ]
INFO: Run Behavior\ParseTemplateBehavior [ RunTime:0.019532s ]
INFO: [ view_parse ] --END-- [ RunTime:0.019532s ]
INFO: [ view_filter ] --START--
INFO: Run Behavior\WriteHtmlCacheBehavior [ RunTime:0.000000s ]
INFO: [ view_filter ] --END-- [ RunTime:0.000976s ]
INFO: [ app_end ] --START--
INFO: Run Behavior\ShowPageTraceBehavior [ RunTime:0.000000s ]
INFO: [ app_end ] --END-- [ RunTime:0.000000s ]

[ 2019-12-08T09:09:05+08:00 ] 42.120.160.77 /index.php/Contact/map
INFO: [ app_init ] --START--
INFO: Run Behavior\BuildLiteBehavior [ RunTime:0.000000s ]
INFO: [ app_init ] --END-- [ RunTime:0.000000s ]
INFO: [ app_begin ] --START--
INFO: Run Behavior\ReadHtmlCacheBehavior [ RunTime:0.000977s ]
INFO: Run Behavior\CheckLangBehavior [ RunTime:0.000977s ]
INFO: [ app_begin ] --END-- [ RunTime:0.001954s ]
INFO: [ view_parse ] --START--
INFO: [ template_filter ] --START--
INFO: Run Behavior\ContentReplaceBehavior [ RunTime:0.000000s ]
INFO: [ template_filter ] --END-- [ RunTime:0.000000s ]
INFO: Run Behavior\ParseTemplateBehavior [ RunTime:0.004883s ]
INFO: [ view_parse ] --END-- [ RunTime:0.004883s ]
INFO: [ view_filter ] --START--
INFO: Run Behavior\WriteHtmlCacheBehavior [ RunTime:0.000000s ]
INFO: [ view_filter ] --END-- [ RunTime:0.000000s ]
INFO: [ app_end ] --START--
INFO: Run Behavior\ShowPageTraceBehavior [ RunTime:0.000000s ]
INFO: [ app_end ] --END-- [ RunTime:0.000000s ]

[ 2019-12-08T19:21:33+08:00 ] 106.11.154.244 /index.php/Water/detail/id/1
INFO: [ app_init ] --START--
INFO: Run Behavior\BuildLiteBehavior [ RunTime:0.000000s ]
INFO: [ app_init ] --END-- [ RunTime:0.000000s ]
INFO: [ app_begin ] --START--
INFO: Run Behavior\ReadHtmlCacheBehavior [ RunTime:0.000000s ]
INFO: Run Behavior\CheckLangBehavior [ RunTime:0.001953s ]
INFO: [ app_begin ] --END-- [ RunTime:0.001953s ]
SQL: SHOW COLUMNS FROM `qy_shuiliao` [ RunTime:0.0088s ]
SQL: SELECT * FROM `qy_shuiliao` WHERE `id` = 1 LIMIT 1   [ RunTime:0.0039s ]
INFO: [ view_parse ] --START--
INFO: [ template_filter ] --START--
INFO: Run Behavior\ContentReplaceBehavior [ RunTime:0.000000s ]
INFO: [ template_filter ] --END-- [ RunTime:0.000976s ]
INFO: Run Behavior\ParseTemplateBehavior [ RunTime:0.022459s ]
INFO: [ view_parse ] --END-- [ RunTime:0.022459s ]
INFO: [ view_filter ] --START--
INFO: Run Behavior\WriteHtmlCacheBehavior [ RunTime:0.000000s ]
INFO: [ view_filter ] --END-- [ RunTime:0.000000s ]
INFO: [ app_end ] --START--
INFO: Run Behavior\ShowPageTraceBehavior [ RunTime:0.000000s ]
INFO: [ app_end ] --END-- [ RunTime:0.000000s ]

[ 2019-12-08T22:19:15+08:00 ] 106.11.155.253 /index.php/Order/roomlist
INFO: [ app_init ] --START--
INFO: Run Behavior\BuildLiteBehavior [ RunTime:0.000000s ]
INFO: [ app_init ] --END-- [ RunTime:0.000977s ]
INFO: [ app_begin ] --START--
INFO: Run Behavior\ReadHtmlCacheBehavior [ RunTime:0.000977s ]
INFO: Run Behavior\CheckLangBehavior [ RunTime:0.000976s ]
INFO: [ app_begin ] --END-- [ RunTime:0.001953s ]
NOTIC: [8] Undefined index: start D:\www\ahnluh.com\Application\Home\Controller\OrderController.class.php 第 20 行.
NOTIC: [8] Undefined index: start D:\www\ahnluh.com\Application\Home\Controller\OrderController.class.php 第 20 行.
NOTIC: [8] Undefined index: end D:\www\ahnluh.com\Application\Home\Controller\OrderController.class.php 第 21 行.
NOTIC: [8] Undefined index: end D:\www\ahnluh.com\Application\Home\Controller\OrderController.class.php 第 21 行.
NOTIC: [8] Undefined index: nums D:\www\ahnluh.com\Application\Home\Controller\OrderController.class.php 第 22 行.
NOTIC: [8] Undefined index: nums D:\www\ahnluh.com\Application\Home\Controller\OrderController.class.php 第 22 行.
NOTIC: [8] Undefined index: code D:\www\ahnluh.com\Application\Home\Controller\OrderController.class.php 第 23 行.
NOTIC: [8] Undefined index: code D:\www\ahnluh.com\Application\Home\Controller\OrderController.class.php 第 23 行.
NOTIC: [8] Undefined index: adult D:\www\ahnluh.com\Application\Home\Controller\OrderController.class.php 第 24 行.
NOTIC: [8] Undefined index: adult D:\www\ahnluh.com\Application\Home\Controller\OrderController.class.php 第 24 行.
NOTIC: [8] Undefined index: child D:\www\ahnluh.com\Application\Home\Controller\OrderController.class.php 第 25 行.
NOTIC: [8] Undefined index: child D:\www\ahnluh.com\Application\Home\Controller\OrderController.class.php 第 25 行.
SQL: SHOW COLUMNS FROM `qy_roomtype` [ RunTime:0.0020s ]
SQL: SELECT * FROM `qy_roomtype` ORDER BY id desc  [ RunTime:0.0010s ]
SQL: SHOW COLUMNS FROM `ims_hotel2_room_huodong` [ RunTime:0.0020s ]
SQL: SHOW COLUMNS FROM `qy_price` [ RunTime:0.0029s ]
SQL: SELECT * FROM `qy_price` WHERE ( roomid='12' AND start_date<='2019-12-08' AND end_date>='2019-12-08' AND start_date<='2019-12-09' AND end_date>='2019-12-09' ) ORDER BY id desc  [ RunTime:0.0020s ]
SQL: SELECT * FROM `ims_hotel2_room_huodong` WHERE ( hotel_code='UAHZJ' AND room_code='D1BV' AND ratecode='WHL03' AND start_time<='2019-12-08' AND end_time>='2019-12-08' ) ORDER BY id ASC  [ RunTime:0.0029s ]
SQL: SHOW COLUMNS FROM `ims_currencyrate` [ RunTime:0.0020s ]
SQL: SELECT * FROM `ims_currencyrate` WHERE ( code='HKD' ) LIMIT 1   [ RunTime:0.0010s ]
SQL: SELECT * FROM `ims_currencyrate` WHERE ( code='HKD' ) LIMIT 1   [ RunTime:0.0020s ]
SQL: SELECT * FROM `ims_currencyrate` WHERE ( code='HKD' ) LIMIT 1   [ RunTime:0.0010s ]
SQL: SELECT * FROM `qy_price` WHERE ( roomid='11' AND start_date<='2019-12-08' AND end_date>='2019-12-08' AND start_date<='2019-12-09' AND end_date>='2019-12-09' ) ORDER BY id desc  [ RunTime:0.0020s ]
SQL: SELECT * FROM `ims_hotel2_room_huodong` WHERE ( hotel_code='UAHZJ' AND room_code='L2BV' AND ratecode='WHL03' AND start_time<='2019-12-08' AND end_time>='2019-12-08' ) ORDER BY id ASC  [ RunTime:0.0020s ]
SQL: SELECT * FROM `ims_currencyrate` WHERE ( code='HKD' ) LIMIT 1   [ RunTime:0.0010s ]
SQL: SELECT * FROM `ims_currencyrate` WHERE ( code='HKD' ) LIMIT 1   [ RunTime:0.0020s ]
SQL: SELECT * FROM `ims_currencyrate` WHERE ( code='HKD' ) LIMIT 1   [ RunTime:0.0010s ]
SQL: SELECT * FROM `qy_price` WHERE ( roomid='10' AND start_date<='2019-12-08' AND end_date>='2019-12-08' AND start_date<='2019-12-09' AND end_date>='2019-12-09' ) ORDER BY id desc  [ RunTime:0.0010s ]
SQL: SELECT * FROM `ims_hotel2_room_huodong` WHERE ( hotel_code='UAHZJ' AND room_code='C2BV' AND ratecode='WHL03' AND start_time<='2019-12-08' AND end_time>='2019-12-08' ) ORDER BY id ASC  [ RunTime:0.0020s ]
SQL: SELECT * FROM `ims_currencyrate` WHERE ( code='HKD' ) LIMIT 1   [ RunTime:0.0010s ]
SQL: SELECT * FROM `ims_currencyrate` WHERE ( code='HKD' ) LIMIT 1   [ RunTime:0.0010s ]
SQL: SELECT * FROM `ims_currencyrate` WHERE ( code='HKD' ) LIMIT 1   [ RunTime:0.0020s ]
INFO: [ view_parse ] --START--
INFO: [ template_filter ] --START--
INFO: Run Behavior\ContentReplaceBehavior [ RunTime:0.000000s ]
INFO: [ template_filter ] --END-- [ RunTime:0.000000s ]
INFO: Run Behavior\ParseTemplateBehavior [ RunTime:0.025392s ]
INFO: [ view_parse ] --END-- [ RunTime:0.025392s ]
INFO: [ view_filter ] --START--
INFO: Run Behavior\WriteHtmlCacheBehavior [ RunTime:0.000976s ]
INFO: [ view_filter ] --END-- [ RunTime:0.000976s ]
INFO: [ app_end ] --START--
INFO: Run Behavior\ShowPageTraceBehavior [ RunTime:0.000000s ]
INFO: [ app_end ] --END-- [ RunTime:0.000000s ]

[ 2019-12-08T23:12:42+08:00 ] 106.11.158.252 /index.php/Room/detail/id/10
INFO: [ app_init ] --START--
INFO: Run Behavior\BuildLiteBehavior [ RunTime:0.000000s ]
INFO: [ app_init ] --END-- [ RunTime:0.000000s ]
INFO: [ app_begin ] --START--
INFO: Run Behavior\ReadHtmlCacheBehavior [ RunTime:0.000000s ]
INFO: Run Behavior\CheckLangBehavior [ RunTime:0.000000s ]
INFO: [ app_begin ] --END-- [ RunTime:0.000977s ]
SQL: SHOW COLUMNS FROM `qy_roomtype` [ RunTime:0.0020s ]
SQL: SELECT * FROM `qy_roomtype` WHERE `id` = 10 LIMIT 1   [ RunTime:0.0020s ]
INFO: [ view_parse ] --START--
INFO: [ template_filter ] --START--
INFO: Run Behavior\ContentReplaceBehavior [ RunTime:0.000000s ]
INFO: [ template_filter ] --END-- [ RunTime:0.000000s ]
INFO: Run Behavior\ParseTemplateBehavior [ RunTime:0.022462s ]
INFO: [ view_parse ] --END-- [ RunTime:0.022462s ]
INFO: [ view_filter ] --START--
INFO: Run Behavior\WriteHtmlCacheBehavior [ RunTime:0.000000s ]
INFO: [ view_filter ] --END-- [ RunTime:0.000000s ]
INFO: [ app_end ] --START--
INFO: Run Behavior\ShowPageTraceBehavior [ RunTime:0.000000s ]
INFO: [ app_end ] --END-- [ RunTime:0.000000s ]

