[ 2019-11-18T00:21:07+08:00 ] 106.11.154.202 /index.php/Activity/index
INFO: [ app_init ] --START--
INFO: Run Behavior\BuildLiteBehavior [ RunTime:0.000000s ]
INFO: [ app_init ] --END-- [ RunTime:0.000000s ]
INFO: [ app_begin ] --START--
INFO: Run Behavior\ReadHtmlCacheBehavior [ RunTime:0.000000s ]
INFO: Run Behavior\CheckLangBehavior [ RunTime:0.001953s ]
INFO: [ app_begin ] --END-- [ RunTime:0.001953s ]
SQL: SHOW COLUMNS FROM `qy_block` [ RunTime:0.0029s ]
SQL: SELECT * FROM `qy_block` WHERE ( title = 'Activity_index' ) LIMIT 1   [ RunTime:0.0029s ]
SQL: SHOW COLUMNS FROM `qy_activity` [ RunTime:0.0088s ]
SQL: SELECT * FROM `qy_activity` ORDER BY id desc  [ RunTime:0.0020s ]
INFO: [ view_parse ] --START--
INFO: [ template_filter ] --START--
INFO: Run Behavior\ContentReplaceBehavior [ RunTime:0.000000s ]
INFO: [ template_filter ] --END-- [ RunTime:0.000000s ]
INFO: Run Behavior\ParseTemplateBehavior [ RunTime:0.023438s ]
INFO: [ view_parse ] --END-- [ RunTime:0.023438s ]
INFO: [ view_filter ] --START--
INFO: Run Behavior\WriteHtmlCacheBehavior [ RunTime:0.000000s ]
INFO: [ view_filter ] --END-- [ RunTime:0.000000s ]
INFO: [ app_end ] --START--
INFO: Run Behavior\ShowPageTraceBehavior [ RunTime:0.000000s ]
INFO: [ app_end ] --END-- [ RunTime:0.000000s ]

[ 2019-11-18T01:32:41+08:00 ] 106.11.155.220 /index.php/Room/detail/id/12?lang=en-us
INFO: [ app_init ] --START--
INFO: Run Behavior\BuildLiteBehavior [ RunTime:0.000000s ]
INFO: [ app_init ] --END-- [ RunTime:0.000976s ]
INFO: [ app_begin ] --START--
INFO: Run Behavior\ReadHtmlCacheBehavior [ RunTime:0.000976s ]
INFO: Run Behavior\CheckLangBehavior [ RunTime:0.001954s ]
INFO: [ app_begin ] --END-- [ RunTime:0.002930s ]
SQL: SHOW COLUMNS FROM `qy_roomtype` [ RunTime:0.0029s ]
SQL: SELECT * FROM `qy_roomtype` WHERE `id` = 12 LIMIT 1   [ RunTime:0.0029s ]
INFO: [ view_parse ] --START--
INFO: [ template_filter ] --START--
INFO: Run Behavior\ContentReplaceBehavior [ RunTime:0.000000s ]
INFO: [ template_filter ] --END-- [ RunTime:0.000000s ]
INFO: Run Behavior\ParseTemplateBehavior [ RunTime:0.021485s ]
INFO: [ view_parse ] --END-- [ RunTime:0.021485s ]
INFO: [ view_filter ] --START--
INFO: Run Behavior\WriteHtmlCacheBehavior [ RunTime:0.000977s ]
INFO: [ view_filter ] --END-- [ RunTime:0.000977s ]
INFO: [ app_end ] --START--
INFO: Run Behavior\ShowPageTraceBehavior [ RunTime:0.000977s ]
INFO: [ app_end ] --END-- [ RunTime:0.000977s ]

[ 2019-11-18T04:18:11+08:00 ] 183.136.190.62 /
INFO: [ app_init ] --START--
INFO: Run Behavior\BuildLiteBehavior [ RunTime:0.000000s ]
INFO: [ app_init ] --END-- [ RunTime:0.000000s ]
INFO: [ app_begin ] --START--
INFO: Run Behavior\ReadHtmlCacheBehavior [ RunTime:0.000976s ]
INFO: Run Behavior\CheckLangBehavior [ RunTime:0.000976s ]
INFO: [ app_begin ] --END-- [ RunTime:0.001952s ]
SQL: SHOW COLUMNS FROM `qy_block` [ RunTime:0.0029s ]
SQL: SELECT * FROM `qy_block` WHERE ( title = 'index_logo' ) LIMIT 1   [ RunTime:0.0020s ]
SQL: SELECT * FROM `qy_block` WHERE ( title = 'index_about' ) LIMIT 1   [ RunTime:0.0020s ]
SQL: SELECT * FROM `qy_block` WHERE ( title = 'dinner_index' ) LIMIT 1   [ RunTime:0.0029s ]
SQL: SELECT * FROM `qy_block` WHERE ( title = 'Water_index' ) LIMIT 1   [ RunTime:0.0020s ]
SQL: SELECT * FROM `qy_block` WHERE ( title = 'Activity_index' ) LIMIT 1   [ RunTime:0.0020s ]
SQL: SELECT * FROM `qy_block` WHERE ( title = 'Product_index' ) LIMIT 1   [ RunTime:0.0029s ]
SQL: SELECT * FROM `qy_block` WHERE ( title = 'honor_index' ) LIMIT 1   [ RunTime:0.0029s ]
NOTIC: [8] Undefined index: aa D:\www\ahnluh.com\Application\Home\Controller\IndexController.class.php 第 61 行.
INFO: [ view_parse ] --START--
INFO: [ template_filter ] --START--
INFO: Run Behavior\ContentReplaceBehavior [ RunTime:0.000000s ]
INFO: [ template_filter ] --END-- [ RunTime:0.000000s ]
INFO: Run Behavior\ParseTemplateBehavior [ RunTime:0.023434s ]
INFO: [ view_parse ] --END-- [ RunTime:0.023434s ]
INFO: [ view_filter ] --START--
INFO: Run Behavior\WriteHtmlCacheBehavior [ RunTime:0.000976s ]
INFO: [ view_filter ] --END-- [ RunTime:0.000976s ]
INFO: [ app_end ] --START--
INFO: Run Behavior\ShowPageTraceBehavior [ RunTime:0.000976s ]
INFO: [ app_end ] --END-- [ RunTime:0.000976s ]

[ 2019-11-18T09:11:00+08:00 ] 47.101.202.18 /
INFO: [ app_init ] --START--
INFO: Run Behavior\BuildLiteBehavior [ RunTime:0.000000s ]
INFO: [ app_init ] --END-- [ RunTime:0.000000s ]
INFO: [ app_begin ] --START--
INFO: Run Behavior\ReadHtmlCacheBehavior [ RunTime:0.000000s ]
INFO: Run Behavior\CheckLangBehavior [ RunTime:0.000000s ]
INFO: [ app_begin ] --END-- [ RunTime:0.000977s ]
SQL: SHOW COLUMNS FROM `qy_block` [ RunTime:0.0039s ]
SQL: SELECT * FROM `qy_block` WHERE ( title = 'index_logo' ) LIMIT 1   [ RunTime:0.0020s ]
SQL: SELECT * FROM `qy_block` WHERE ( title = 'index_about' ) LIMIT 1   [ RunTime:0.0020s ]
SQL: SELECT * FROM `qy_block` WHERE ( title = 'dinner_index' ) LIMIT 1   [ RunTime:0.0029s ]
SQL: SELECT * FROM `qy_block` WHERE ( title = 'Water_index' ) LIMIT 1   [ RunTime:0.0029s ]
SQL: SELECT * FROM `qy_block` WHERE ( title = 'Activity_index' ) LIMIT 1   [ RunTime:0.0029s ]
SQL: SELECT * FROM `qy_block` WHERE ( title = 'Product_index' ) LIMIT 1   [ RunTime:0.0029s ]
SQL: SELECT * FROM `qy_block` WHERE ( title = 'honor_index' ) LIMIT 1   [ RunTime:0.0029s ]
NOTIC: [8] Undefined index: aa D:\www\ahnluh.com\Application\Home\Controller\IndexController.class.php 第 61 行.
INFO: [ view_parse ] --START--
INFO: [ template_filter ] --START--
INFO: Run Behavior\ContentReplaceBehavior [ RunTime:0.000000s ]
INFO: [ template_filter ] --END-- [ RunTime:0.000000s ]
NOTIC: [8] Undefined index: think_language D:\www\ahnluh.com\Application\Runtime\Cache\Home\2a94b8bda04ff446dcedd42276fc99ee.php 第 8 行.
NOTIC: [8] Undefined index: think_language D:\www\ahnluh.com\Application\Runtime\Cache\Home\2a94b8bda04ff446dcedd42276fc99ee.php 第 14 行.
NOTIC: [8] Undefined index: think_language D:\www\ahnluh.com\Application\Runtime\Cache\Home\2a94b8bda04ff446dcedd42276fc99ee.php 第 160 行.
NOTIC: [8] Undefined index: think_language D:\www\ahnluh.com\Application\Runtime\Cache\Home\2a94b8bda04ff446dcedd42276fc99ee.php 第 846 行.
NOTIC: [8] Undefined index: think_language D:\www\ahnluh.com\Application\Runtime\Cache\Home\2a94b8bda04ff446dcedd42276fc99ee.php 第 859 行.
INFO: Run Behavior\ParseTemplateBehavior [ RunTime:0.023439s ]
INFO: [ view_parse ] --END-- [ RunTime:0.023439s ]
INFO: [ view_filter ] --START--
INFO: Run Behavior\WriteHtmlCacheBehavior [ RunTime:0.000000s ]
INFO: [ view_filter ] --END-- [ RunTime:0.000000s ]
INFO: [ app_end ] --START--
INFO: Run Behavior\ShowPageTraceBehavior [ RunTime:0.000977s ]
INFO: [ app_end ] --END-- [ RunTime:0.000977s ]

[ 2019-11-18T17:16:07+08:00 ] 47.101.145.173 /
INFO: [ app_init ] --START--
INFO: Run Behavior\BuildLiteBehavior [ RunTime:0.000000s ]
INFO: [ app_init ] --END-- [ RunTime:0.000977s ]
INFO: [ app_begin ] --START--
INFO: Run Behavior\ReadHtmlCacheBehavior [ RunTime:0.000000s ]
INFO: Run Behavior\CheckLangBehavior [ RunTime:0.000976s ]
INFO: [ app_begin ] --END-- [ RunTime:0.000976s ]
SQL: SHOW COLUMNS FROM `qy_block` [ RunTime:0.0029s ]
SQL: SELECT * FROM `qy_block` WHERE ( title = 'index_logo' ) LIMIT 1   [ RunTime:0.0029s ]
SQL: SELECT * FROM `qy_block` WHERE ( title = 'index_about' ) LIMIT 1   [ RunTime:0.0020s ]
SQL: SELECT * FROM `qy_block` WHERE ( title = 'dinner_index' ) LIMIT 1   [ RunTime:0.0020s ]
SQL: SELECT * FROM `qy_block` WHERE ( title = 'Water_index' ) LIMIT 1   [ RunTime:0.0020s ]
SQL: SELECT * FROM `qy_block` WHERE ( title = 'Activity_index' ) LIMIT 1   [ RunTime:0.0029s ]
SQL: SELECT * FROM `qy_block` WHERE ( title = 'Product_index' ) LIMIT 1   [ RunTime:0.0029s ]
SQL: SELECT * FROM `qy_block` WHERE ( title = 'honor_index' ) LIMIT 1   [ RunTime:0.0020s ]
NOTIC: [8] Undefined index: aa D:\www\ahnluh.com\Application\Home\Controller\IndexController.class.php 第 61 行.
INFO: [ view_parse ] --START--
INFO: [ template_filter ] --START--
INFO: Run Behavior\ContentReplaceBehavior [ RunTime:0.000000s ]
INFO: [ template_filter ] --END-- [ RunTime:0.000000s ]
NOTIC: [8] Undefined index: think_language D:\www\ahnluh.com\Application\Runtime\Cache\Home\2a94b8bda04ff446dcedd42276fc99ee.php 第 8 行.
NOTIC: [8] Undefined index: think_language D:\www\ahnluh.com\Application\Runtime\Cache\Home\2a94b8bda04ff446dcedd42276fc99ee.php 第 14 行.
NOTIC: [8] Undefined index: think_language D:\www\ahnluh.com\Application\Runtime\Cache\Home\2a94b8bda04ff446dcedd42276fc99ee.php 第 160 行.
NOTIC: [8] Undefined index: think_language D:\www\ahnluh.com\Application\Runtime\Cache\Home\2a94b8bda04ff446dcedd42276fc99ee.php 第 846 行.
NOTIC: [8] Undefined index: think_language D:\www\ahnluh.com\Application\Runtime\Cache\Home\2a94b8bda04ff446dcedd42276fc99ee.php 第 859 行.
INFO: Run Behavior\ParseTemplateBehavior [ RunTime:0.023438s ]
INFO: [ view_parse ] --END-- [ RunTime:0.023438s ]
INFO: [ view_filter ] --START--
INFO: Run Behavior\WriteHtmlCacheBehavior [ RunTime:0.000000s ]
INFO: [ view_filter ] --END-- [ RunTime:0.000000s ]
INFO: [ app_end ] --START--
INFO: Run Behavior\ShowPageTraceBehavior [ RunTime:0.000000s ]
INFO: [ app_end ] --END-- [ RunTime:0.000000s ]

