[ 2019-12-09T00:54:32+08:00 ] 106.11.159.230 /index.php/Product/index?lang=zh-cn
INFO: [ app_init ] --START--
INFO: Run Behavior\BuildLiteBehavior [ RunTime:0.000000s ]
INFO: [ app_init ] --END-- [ RunTime:0.000000s ]
INFO: [ app_begin ] --START--
INFO: Run Behavior\ReadHtmlCacheBehavior [ RunTime:0.000000s ]
INFO: Run Behavior\CheckLangBehavior [ RunTime:0.000977s ]
INFO: [ app_begin ] --END-- [ RunTime:0.000977s ]
SQL: SHOW COLUMNS FROM `qy_block` [ RunTime:0.0020s ]
SQL: SELECT * FROM `qy_block` WHERE ( title = 'Product_index' ) LIMIT 1   [ RunTime:0.0020s ]
INFO: [ view_parse ] --START--
INFO: [ template_filter ] --START--
INFO: Run Behavior\ContentReplaceBehavior [ RunTime:0.000000s ]
INFO: [ template_filter ] --END-- [ RunTime:0.000000s ]
INFO: Run Behavior\ParseTemplateBehavior [ RunTime:0.020509s ]
INFO: [ view_parse ] --END-- [ RunTime:0.020509s ]
INFO: [ view_filter ] --START--
INFO: Run Behavior\WriteHtmlCacheBehavior [ RunTime:0.000000s ]
INFO: [ view_filter ] --END-- [ RunTime:0.000000s ]
INFO: [ app_end ] --START--
INFO: Run Behavior\ShowPageTraceBehavior [ RunTime:0.000000s ]
INFO: [ app_end ] --END-- [ RunTime:0.000976s ]

[ 2019-12-09T02:05:20+08:00 ] 106.11.152.49 /index.php/Order/pay/id/5
INFO: [ app_init ] --START--
INFO: Run Behavior\BuildLiteBehavior [ RunTime:0.000000s ]
INFO: [ app_init ] --END-- [ RunTime:0.000976s ]
INFO: [ app_begin ] --START--
INFO: Run Behavior\ReadHtmlCacheBehavior [ RunTime:0.000977s ]
INFO: Run Behavior\CheckLangBehavior [ RunTime:0.000977s ]
INFO: [ app_begin ] --END-- [ RunTime:0.001954s ]
SQL: SHOW COLUMNS FROM `qy_price` [ RunTime:0.0010s ]
SQL: SELECT * FROM `qy_price` WHERE `id` = 5 LIMIT 1   [ RunTime:0.0020s ]
SQL: SHOW COLUMNS FROM `qy_roomtype` [ RunTime:0.0010s ]
SQL: SELECT * FROM `qy_roomtype` WHERE ( id=10 ) LIMIT 1   [ RunTime:0.0010s ]
SQL: SHOW COLUMNS FROM `ims_hotel2` [ RunTime:0.0020s ]
SQL: SELECT * FROM `ims_hotel2` WHERE ( id=1110 ) LIMIT 1   [ RunTime:0.0020s ]
NOTIC: [8] Undefined index: dev D:\www\ahnluh.com\ThinkPHP\Library\Org\Util\Chinaonline.class.php 第 32 行.
NOTIC: [8] Undefined index: channelcode D:\www\ahnluh.com\ThinkPHP\Library\Org\Util\Chinaonline.class.php 第 36 行.
NOTIC: [8] Undefined index: qualifyingidtype D:\www\ahnluh.com\ThinkPHP\Library\Org\Util\Chinaonline.class.php 第 45 行.
NOTIC: [8] Undefined index: type D:\www\ahnluh.com\ThinkPHP\Library\Org\Util\Chinaonline.class.php 第 50 行.
NOTIC: [2] stream_context_create(): options should have the form [&quot;wrappername&quot;][&quot;optionname&quot;] = $value D:\www\ahnluh.com\ThinkPHP\Library\Org\Util\Chinaonline.class.php 第 69 行.
NOTIC: [8] Undefined index: start D:\www\ahnluh.com\Application\Home\Controller\OrderController.class.php 第 367 行.
NOTIC: [8] Undefined index: end D:\www\ahnluh.com\Application\Home\Controller\OrderController.class.php 第 368 行.
NOTIC: [8] Undefined index: adult D:\www\ahnluh.com\Application\Home\Controller\OrderController.class.php 第 369 行.
NOTIC: [8] Undefined index: child D:\www\ahnluh.com\Application\Home\Controller\OrderController.class.php 第 370 行.
NOTIC: [8] Undefined index: nums D:\www\ahnluh.com\Application\Home\Controller\OrderController.class.php 第 371 行.
NOTIC: [8] Undefined index: code D:\www\ahnluh.com\Application\Home\Controller\OrderController.class.php 第 372 行.
NOTIC: [8] Undefined index: numberOfRooms D:\www\ahnluh.com\ThinkPHP\Library\Org\Util\Chinaonline.class.php 第 183 行.
ERR: System.Web.Services.Protocols.SoapException: Server was unable to read request. ---> System.InvalidOperationException: There is an error in XML document (5, 35). ---> System.FormatException: The string '' is not a valid AllXsd value.
   at System.Xml.Schema.XsdDateTime..ctor(String text, XsdDateTimeFlags kinds)
   at System.Xml.XmlConvert.ToDateTime(String s, XmlDateTimeSerializationMode dateTimeOption)
   at Microsoft.Xml.Serialization.GeneratedAssembly.XmlSerializationReader1.Read8_TimeSpan(Boolean isNullable, Boolean checkType)
   at Microsoft.Xml.Serialization.GeneratedAssembly.XmlSerializationReader1.Read29_AvailRequestSegment(Boolean isNullable, Boolean checkType)
   at Microsoft.Xml.Serialization.GeneratedAssembly.XmlSerializationReader1.Read31_AvailabilityRequest(Boolean isNullable, Boolean checkType)
   at Microsoft.Xml.Serialization.GeneratedAssembly.XmlSerializationReader1.Read204_Availability()
   at System.Xml.Serialization.XmlSerializer.Deserialize(XmlReader xmlReader, String encodingStyle, XmlDeserializationEvents events)
   --- End of inner exception stack trace ---
   at System.Xml.Serialization.XmlSerializer.Deserialize(XmlReader xmlReader, String encodingStyle, XmlDeserializationEvents events)
   at System.Web.Services.Protocols.SoapServerProtocol.ReadParameters()
   --- End of inner exception stack trace ---
   at System.Web.Services.Protocols.SoapServerProtocol.ReadParameters()
   at System.Web.Services.Protocols.WebServiceHandler.CoreProcessRequest()

[ 2019-12-09T19:22:35+08:00 ] 106.11.152.225 /index.php/Water/index?lang=en-us
INFO: [ app_init ] --START--
INFO: Run Behavior\BuildLiteBehavior [ RunTime:0.000000s ]
INFO: [ app_init ] --END-- [ RunTime:0.000000s ]
INFO: [ app_begin ] --START--
INFO: Run Behavior\ReadHtmlCacheBehavior [ RunTime:0.000977s ]
INFO: Run Behavior\CheckLangBehavior [ RunTime:0.001953s ]
INFO: [ app_begin ] --END-- [ RunTime:0.002930s ]
SQL: SHOW COLUMNS FROM `qy_block` [ RunTime:0.0020s ]
SQL: SELECT * FROM `qy_block` WHERE ( title = 'Water_index' ) LIMIT 1   [ RunTime:0.0020s ]
SQL: SHOW COLUMNS FROM `qy_shuiliao` [ RunTime:0.0020s ]
SQL: SELECT * FROM `qy_shuiliao` ORDER BY id desc  [ RunTime:0.0020s ]
INFO: [ view_parse ] --START--
INFO: [ template_filter ] --START--
INFO: Run Behavior\ContentReplaceBehavior [ RunTime:0.000000s ]
INFO: [ template_filter ] --END-- [ RunTime:0.000000s ]
INFO: Run Behavior\ParseTemplateBehavior [ RunTime:0.041994s ]
INFO: [ view_parse ] --END-- [ RunTime:0.041994s ]
INFO: [ view_filter ] --START--
INFO: Run Behavior\WriteHtmlCacheBehavior [ RunTime:0.000977s ]
INFO: [ view_filter ] --END-- [ RunTime:0.000977s ]
INFO: [ app_end ] --START--
INFO: Run Behavior\ShowPageTraceBehavior [ RunTime:0.000976s ]
INFO: [ app_end ] --END-- [ RunTime:0.000976s ]

[ 2019-12-09T19:30:18+08:00 ] 106.11.154.244 /index.php/Water/detail/id/1?lang=en-us
INFO: [ app_init ] --START--
INFO: Run Behavior\BuildLiteBehavior [ RunTime:0.000000s ]
INFO: [ app_init ] --END-- [ RunTime:0.000977s ]
INFO: [ app_begin ] --START--
INFO: Run Behavior\ReadHtmlCacheBehavior [ RunTime:0.000000s ]
INFO: Run Behavior\CheckLangBehavior [ RunTime:0.000976s ]
INFO: [ app_begin ] --END-- [ RunTime:0.000976s ]
SQL: SHOW COLUMNS FROM `qy_shuiliao` [ RunTime:0.0020s ]
SQL: SELECT * FROM `qy_shuiliao` WHERE `id` = 1 LIMIT 1   [ RunTime:0.0020s ]
INFO: [ view_parse ] --START--
INFO: [ template_filter ] --START--
INFO: Run Behavior\ContentReplaceBehavior [ RunTime:0.000000s ]
INFO: [ template_filter ] --END-- [ RunTime:0.000000s ]
INFO: Run Behavior\ParseTemplateBehavior [ RunTime:0.012696s ]
INFO: [ view_parse ] --END-- [ RunTime:0.012696s ]
INFO: [ view_filter ] --START--
INFO: Run Behavior\WriteHtmlCacheBehavior [ RunTime:0.000000s ]
INFO: [ view_filter ] --END-- [ RunTime:0.000000s ]
INFO: [ app_end ] --START--
INFO: Run Behavior\ShowPageTraceBehavior [ RunTime:0.000977s ]
INFO: [ app_end ] --END-- [ RunTime:0.000977s ]

