[ 2019-10-15T04:32:17+08:00 ] 183.136.190.62 /
INFO: [ app_init ] --START--
INFO: Run Behavior\BuildLiteBehavior [ RunTime:0.000000s ]
INFO: [ app_init ] --END-- [ RunTime:0.000000s ]
INFO: [ app_begin ] --START--
INFO: Run Behavior\ReadHtmlCacheBehavior [ RunTime:0.000977s ]
INFO: Run Behavior\CheckLangBehavior [ RunTime:0.000976s ]
INFO: [ app_begin ] --END-- [ RunTime:0.001953s ]
SQL: SHOW COLUMNS FROM `qy_block` [ RunTime:0.0195s ]
SQL: SELECT * FROM `qy_block` WHERE ( title = 'index_logo' ) LIMIT 1   [ RunTime:0.0029s ]
SQL: SELECT * FROM `qy_block` WHERE ( title = 'index_about' ) LIMIT 1   [ RunTime:0.0020s ]
SQL: SELECT * FROM `qy_block` WHERE ( title = 'dinner_index' ) LIMIT 1   [ RunTime:0.0020s ]
SQL: SELECT * FROM `qy_block` WHERE ( title = 'Water_index' ) LIMIT 1   [ RunTime:0.0039s ]
SQL: SELECT * FROM `qy_block` WHERE ( title = 'Activity_index' ) LIMIT 1   [ RunTime:0.0020s ]
SQL: SELECT * FROM `qy_block` WHERE ( title = 'Product_index' ) LIMIT 1   [ RunTime:0.0029s ]
SQL: SELECT * FROM `qy_block` WHERE ( title = 'honor_index' ) LIMIT 1   [ RunTime:0.0029s ]
NOTIC: [8] Undefined index: aa D:\www\ahnluh.com\Application\Home\Controller\IndexController.class.php 第 61 行.
INFO: [ view_parse ] --START--
INFO: [ template_filter ] --START--
INFO: Run Behavior\ContentReplaceBehavior [ RunTime:0.000000s ]
INFO: [ template_filter ] --END-- [ RunTime:0.000977s ]
INFO: Run Behavior\ParseTemplateBehavior [ RunTime:0.023438s ]
INFO: [ view_parse ] --END-- [ RunTime:0.023438s ]
INFO: [ view_filter ] --START--
INFO: Run Behavior\WriteHtmlCacheBehavior [ RunTime:0.000000s ]
INFO: [ view_filter ] --END-- [ RunTime:0.000000s ]
INFO: [ app_end ] --START--
INFO: Run Behavior\ShowPageTraceBehavior [ RunTime:0.000000s ]
INFO: [ app_end ] --END-- [ RunTime:0.000000s ]

[ 2019-10-15T06:21:44+08:00 ] 47.100.11.206 /
INFO: [ app_init ] --START--
INFO: Run Behavior\BuildLiteBehavior [ RunTime:0.000000s ]
INFO: [ app_init ] --END-- [ RunTime:0.000000s ]
INFO: [ app_begin ] --START--
INFO: Run Behavior\ReadHtmlCacheBehavior [ RunTime:0.000976s ]
INFO: Run Behavior\CheckLangBehavior [ RunTime:0.000977s ]
INFO: [ app_begin ] --END-- [ RunTime:0.001953s ]
SQL: SHOW COLUMNS FROM `qy_block` [ RunTime:0.0020s ]
SQL: SELECT * FROM `qy_block` WHERE ( title = 'index_logo' ) LIMIT 1   [ RunTime:0.0029s ]
SQL: SELECT * FROM `qy_block` WHERE ( title = 'index_about' ) LIMIT 1   [ RunTime:0.0020s ]
SQL: SELECT * FROM `qy_block` WHERE ( title = 'dinner_index' ) LIMIT 1   [ RunTime:0.0029s ]
SQL: SELECT * FROM `qy_block` WHERE ( title = 'Water_index' ) LIMIT 1   [ RunTime:0.0029s ]
SQL: SELECT * FROM `qy_block` WHERE ( title = 'Activity_index' ) LIMIT 1   [ RunTime:0.0020s ]
SQL: SELECT * FROM `qy_block` WHERE ( title = 'Product_index' ) LIMIT 1   [ RunTime:0.0029s ]
SQL: SELECT * FROM `qy_block` WHERE ( title = 'honor_index' ) LIMIT 1   [ RunTime:0.0029s ]
NOTIC: [8] Undefined index: aa D:\www\ahnluh.com\Application\Home\Controller\IndexController.class.php 第 61 行.
INFO: [ view_parse ] --START--
INFO: [ template_filter ] --START--
INFO: Run Behavior\ContentReplaceBehavior [ RunTime:0.000977s ]
INFO: [ template_filter ] --END-- [ RunTime:0.000977s ]
NOTIC: [8] Undefined index: think_language D:\www\ahnluh.com\Application\Runtime\Cache\Home\2a94b8bda04ff446dcedd42276fc99ee.php 第 8 行.
NOTIC: [8] Undefined index: think_language D:\www\ahnluh.com\Application\Runtime\Cache\Home\2a94b8bda04ff446dcedd42276fc99ee.php 第 14 行.
NOTIC: [8] Undefined index: think_language D:\www\ahnluh.com\Application\Runtime\Cache\Home\2a94b8bda04ff446dcedd42276fc99ee.php 第 160 行.
NOTIC: [8] Undefined index: think_language D:\www\ahnluh.com\Application\Runtime\Cache\Home\2a94b8bda04ff446dcedd42276fc99ee.php 第 846 行.
NOTIC: [8] Undefined index: think_language D:\www\ahnluh.com\Application\Runtime\Cache\Home\2a94b8bda04ff446dcedd42276fc99ee.php 第 859 行.
INFO: Run Behavior\ParseTemplateBehavior [ RunTime:0.023439s ]
INFO: [ view_parse ] --END-- [ RunTime:0.023439s ]
INFO: [ view_filter ] --START--
INFO: Run Behavior\WriteHtmlCacheBehavior [ RunTime:0.000000s ]
INFO: [ view_filter ] --END-- [ RunTime:0.000000s ]
INFO: [ app_end ] --START--
INFO: Run Behavior\ShowPageTraceBehavior [ RunTime:0.000000s ]
INFO: [ app_end ] --END-- [ RunTime:0.000000s ]

[ 2019-10-15T08:51:16+08:00 ] 183.131.244.150 /index.php/Order/roomlist
INFO: [ app_init ] --START--
INFO: Run Behavior\BuildLiteBehavior [ RunTime:0.000000s ]
INFO: [ app_init ] --END-- [ RunTime:0.000000s ]
INFO: [ app_begin ] --START--
INFO: Run Behavior\ReadHtmlCacheBehavior [ RunTime:0.000000s ]
INFO: Run Behavior\CheckLangBehavior [ RunTime:0.000977s ]
INFO: [ app_begin ] --END-- [ RunTime:0.001953s ]
NOTIC: [8] Undefined index: start D:\www\ahnluh.com\Application\Home\Controller\OrderController.class.php 第 17 行.
NOTIC: [8] Undefined index: start D:\www\ahnluh.com\Application\Home\Controller\OrderController.class.php 第 17 行.
NOTIC: [8] Undefined index: end D:\www\ahnluh.com\Application\Home\Controller\OrderController.class.php 第 18 行.
NOTIC: [8] Undefined index: end D:\www\ahnluh.com\Application\Home\Controller\OrderController.class.php 第 18 行.
NOTIC: [8] Undefined index: nums D:\www\ahnluh.com\Application\Home\Controller\OrderController.class.php 第 19 行.
NOTIC: [8] Undefined index: nums D:\www\ahnluh.com\Application\Home\Controller\OrderController.class.php 第 19 行.
NOTIC: [8] Undefined index: code D:\www\ahnluh.com\Application\Home\Controller\OrderController.class.php 第 20 行.
NOTIC: [8] Undefined index: code D:\www\ahnluh.com\Application\Home\Controller\OrderController.class.php 第 20 行.
NOTIC: [8] Undefined index: adult D:\www\ahnluh.com\Application\Home\Controller\OrderController.class.php 第 21 行.
NOTIC: [8] Undefined index: adult D:\www\ahnluh.com\Application\Home\Controller\OrderController.class.php 第 21 行.
NOTIC: [8] Undefined index: child D:\www\ahnluh.com\Application\Home\Controller\OrderController.class.php 第 22 行.
NOTIC: [8] Undefined index: child D:\www\ahnluh.com\Application\Home\Controller\OrderController.class.php 第 22 行.
SQL: SHOW COLUMNS FROM `qy_roomtype` [ RunTime:0.0107s ]
SQL: SELECT * FROM `qy_roomtype` ORDER BY id desc  [ RunTime:0.0029s ]
SQL: SHOW COLUMNS FROM `ims_hotel2_room_huodong` [ RunTime:0.0029s ]
SQL: SHOW COLUMNS FROM `qy_price` [ RunTime:0.0088s ]
SQL: SELECT * FROM `qy_price` WHERE ( roomid='12' AND start_date<='2019-10-15' AND end_date>='2019-10-15' AND start_date<='2019-10-16' AND end_date>='2019-10-16' ) ORDER BY id desc  [ RunTime:0.0029s ]
SQL: SELECT * FROM `ims_hotel2_room_huodong` WHERE ( hotel_code='UAHZJ' AND room_code='D1BV' AND ratecode='WHL01' AND start_time<='2019-10-15' AND end_time>='2019-10-15' ) ORDER BY id ASC  [ RunTime:0.0039s ]
SQL: SHOW COLUMNS FROM `ims_currencyrate` [ RunTime:0.0029s ]
SQL: SELECT * FROM `ims_currencyrate` WHERE ( code='HKD' ) LIMIT 1   [ RunTime:0.0020s ]
SQL: SELECT * FROM `ims_currencyrate` WHERE ( code='HKD' ) LIMIT 1   [ RunTime:0.0020s ]
SQL: SELECT * FROM `ims_currencyrate` WHERE ( code='HKD' ) LIMIT 1   [ RunTime:0.0020s ]
SQL: SELECT * FROM `ims_currencyrate` WHERE ( code='HKD' ) LIMIT 1   [ RunTime:0.0020s ]
SQL: SELECT * FROM `ims_currencyrate` WHERE ( code='HKD' ) LIMIT 1   [ RunTime:0.0020s ]
SQL: SELECT * FROM `ims_currencyrate` WHERE ( code='HKD' ) LIMIT 1   [ RunTime:0.0020s ]
SQL: SELECT * FROM `ims_currencyrate` WHERE ( code='HKD' ) LIMIT 1   [ RunTime:0.0020s ]
SQL: SELECT * FROM `ims_currencyrate` WHERE ( code='HKD' ) LIMIT 1   [ RunTime:0.0029s ]
SQL: SELECT * FROM `ims_currencyrate` WHERE ( code='HKD' ) LIMIT 1   [ RunTime:0.0029s ]
SQL: SELECT * FROM `qy_price` WHERE ( roomid='11' AND start_date<='2019-10-15' AND end_date>='2019-10-15' AND start_date<='2019-10-16' AND end_date>='2019-10-16' ) ORDER BY id desc  [ RunTime:0.0020s ]
SQL: SELECT * FROM `ims_hotel2_room_huodong` WHERE ( hotel_code='UAHZJ' AND room_code='L2BV' AND ratecode='WHL01' AND start_time<='2019-10-15' AND end_time>='2019-10-15' ) ORDER BY id ASC  [ RunTime:0.0039s ]
SQL: SELECT * FROM `ims_currencyrate` WHERE ( code='HKD' ) LIMIT 1   [ RunTime:0.0020s ]
SQL: SELECT * FROM `ims_currencyrate` WHERE ( code='HKD' ) LIMIT 1   [ RunTime:0.0020s ]
SQL: SELECT * FROM `ims_currencyrate` WHERE ( code='HKD' ) LIMIT 1   [ RunTime:0.0020s ]
SQL: SELECT * FROM `ims_currencyrate` WHERE ( code='HKD' ) LIMIT 1   [ RunTime:0.0029s ]
SQL: SELECT * FROM `ims_currencyrate` WHERE ( code='HKD' ) LIMIT 1   [ RunTime:0.0020s ]
SQL: SELECT * FROM `ims_currencyrate` WHERE ( code='HKD' ) LIMIT 1   [ RunTime:0.0029s ]
SQL: SELECT * FROM `ims_currencyrate` WHERE ( code='HKD' ) LIMIT 1   [ RunTime:0.0020s ]
SQL: SELECT * FROM `ims_currencyrate` WHERE ( code='HKD' ) LIMIT 1   [ RunTime:0.0029s ]
SQL: SELECT * FROM `ims_currencyrate` WHERE ( code='HKD' ) LIMIT 1   [ RunTime:0.0020s ]
SQL: SELECT * FROM `ims_currencyrate` WHERE ( code='HKD' ) LIMIT 1   [ RunTime:0.0029s ]
SQL: SELECT * FROM `ims_currencyrate` WHERE ( code='HKD' ) LIMIT 1   [ RunTime:0.0020s ]
SQL: SELECT * FROM `ims_currencyrate` WHERE ( code='HKD' ) LIMIT 1   [ RunTime:0.0029s ]
SQL: SELECT * FROM `qy_price` WHERE ( roomid='10' AND start_date<='2019-10-15' AND end_date>='2019-10-15' AND start_date<='2019-10-16' AND end_date>='2019-10-16' ) ORDER BY id desc  [ RunTime:0.0020s ]
SQL: SELECT * FROM `ims_hotel2_room_huodong` WHERE ( hotel_code='UAHZJ' AND room_code='C2BV' AND ratecode='WHL01' AND start_time<='2019-10-15' AND end_time>='2019-10-15' ) ORDER BY id ASC  [ RunTime:0.0039s ]
SQL: SELECT * FROM `ims_currencyrate` WHERE ( code='HKD' ) LIMIT 1   [ RunTime:0.0029s ]
SQL: SELECT * FROM `ims_currencyrate` WHERE ( code='HKD' ) LIMIT 1   [ RunTime:0.0020s ]
SQL: SELECT * FROM `ims_currencyrate` WHERE ( code='HKD' ) LIMIT 1   [ RunTime:0.0029s ]
SQL: SELECT * FROM `ims_currencyrate` WHERE ( code='HKD' ) LIMIT 1   [ RunTime:0.0020s ]
SQL: SELECT * FROM `ims_currencyrate` WHERE ( code='HKD' ) LIMIT 1   [ RunTime:0.0029s ]
SQL: SELECT * FROM `ims_currencyrate` WHERE ( code='HKD' ) LIMIT 1   [ RunTime:0.0020s ]
SQL: SELECT * FROM `ims_currencyrate` WHERE ( code='HKD' ) LIMIT 1   [ RunTime:0.0020s ]
SQL: SELECT * FROM `ims_currencyrate` WHERE ( code='HKD' ) LIMIT 1   [ RunTime:0.0020s ]
SQL: SELECT * FROM `ims_currencyrate` WHERE ( code='HKD' ) LIMIT 1   [ RunTime:0.0020s ]
INFO: [ view_parse ] --START--
INFO: [ template_filter ] --START--
INFO: Run Behavior\ContentReplaceBehavior [ RunTime:0.000976s ]
INFO: [ template_filter ] --END-- [ RunTime:0.000976s ]
INFO: Run Behavior\ParseTemplateBehavior [ RunTime:0.028322s ]
INFO: [ view_parse ] --END-- [ RunTime:0.028322s ]
INFO: [ view_filter ] --START--
INFO: Run Behavior\WriteHtmlCacheBehavior [ RunTime:0.000000s ]
INFO: [ view_filter ] --END-- [ RunTime:0.000000s ]
INFO: [ app_end ] --START--
INFO: Run Behavior\ShowPageTraceBehavior [ RunTime:0.000000s ]
INFO: [ app_end ] --END-- [ RunTime:0.000000s ]

[ 2019-10-15T10:58:29+08:00 ] 42.156.138.124 /index.php/Room/detail/id/12?lang=en-us
INFO: [ app_init ] --START--
INFO: Run Behavior\BuildLiteBehavior [ RunTime:0.000000s ]
INFO: [ app_init ] --END-- [ RunTime:0.000000s ]
INFO: [ app_begin ] --START--
INFO: Run Behavior\ReadHtmlCacheBehavior [ RunTime:0.000976s ]
INFO: Run Behavior\CheckLangBehavior [ RunTime:0.000977s ]
INFO: [ app_begin ] --END-- [ RunTime:0.001953s ]
SQL: SHOW COLUMNS FROM `qy_roomtype` [ RunTime:0.0029s ]
SQL: SELECT * FROM `qy_roomtype` WHERE `id` = 12 LIMIT 1   [ RunTime:0.0029s ]
INFO: [ view_parse ] --START--
INFO: [ template_filter ] --START--
INFO: Run Behavior\ContentReplaceBehavior [ RunTime:0.000000s ]
INFO: [ template_filter ] --END-- [ RunTime:0.000000s ]
INFO: Run Behavior\ParseTemplateBehavior [ RunTime:0.021483s ]
INFO: [ view_parse ] --END-- [ RunTime:0.021483s ]
INFO: [ view_filter ] --START--
INFO: Run Behavior\WriteHtmlCacheBehavior [ RunTime:0.000000s ]
INFO: [ view_filter ] --END-- [ RunTime:0.000000s ]
INFO: [ app_end ] --START--
INFO: Run Behavior\ShowPageTraceBehavior [ RunTime:0.000976s ]
INFO: [ app_end ] --END-- [ RunTime:0.000976s ]

[ 2019-10-15T17:52:21+08:00 ] 106.11.155.62 /index.php/Activity/index?lang=en-us
INFO: [ app_init ] --START--
INFO: Run Behavior\BuildLiteBehavior [ RunTime:0.000000s ]
INFO: [ app_init ] --END-- [ RunTime:0.000976s ]
INFO: [ app_begin ] --START--
INFO: Run Behavior\ReadHtmlCacheBehavior [ RunTime:0.000976s ]
INFO: Run Behavior\CheckLangBehavior [ RunTime:0.001953s ]
INFO: [ app_begin ] --END-- [ RunTime:0.003906s ]
SQL: SHOW COLUMNS FROM `qy_block` [ RunTime:0.0029s ]
SQL: SELECT * FROM `qy_block` WHERE ( title = 'Activity_index' ) LIMIT 1   [ RunTime:0.0029s ]
SQL: SHOW COLUMNS FROM `qy_activity` [ RunTime:0.0029s ]
SQL: SELECT * FROM `qy_activity` ORDER BY id desc  [ RunTime:0.0029s ]
INFO: [ view_parse ] --START--
INFO: [ template_filter ] --START--
INFO: Run Behavior\ContentReplaceBehavior [ RunTime:0.000000s ]
INFO: [ template_filter ] --END-- [ RunTime:0.000000s ]
INFO: Run Behavior\ParseTemplateBehavior [ RunTime:0.025389s ]
INFO: [ view_parse ] --END-- [ RunTime:0.025389s ]
INFO: [ view_filter ] --START--
INFO: Run Behavior\WriteHtmlCacheBehavior [ RunTime:0.000977s ]
INFO: [ view_filter ] --END-- [ RunTime:0.000977s ]
INFO: [ app_end ] --START--
INFO: Run Behavior\ShowPageTraceBehavior [ RunTime:0.000976s ]
INFO: [ app_end ] --END-- [ RunTime:0.000976s ]

[ 2019-10-15T20:48:57+08:00 ] 106.11.157.53 /index.php/Product/index
INFO: [ app_init ] --START--
INFO: Run Behavior\BuildLiteBehavior [ RunTime:0.000000s ]
INFO: [ app_init ] --END-- [ RunTime:0.000000s ]
INFO: [ app_begin ] --START--
INFO: Run Behavior\ReadHtmlCacheBehavior [ RunTime:0.000977s ]
INFO: Run Behavior\CheckLangBehavior [ RunTime:0.000976s ]
INFO: [ app_begin ] --END-- [ RunTime:0.001953s ]
SQL: SHOW COLUMNS FROM `qy_block` [ RunTime:0.0020s ]
SQL: SELECT * FROM `qy_block` WHERE ( title = 'Product_index' ) LIMIT 1   [ RunTime:0.0029s ]
INFO: [ view_parse ] --START--
INFO: [ template_filter ] --START--
INFO: Run Behavior\ContentReplaceBehavior [ RunTime:0.000000s ]
INFO: [ template_filter ] --END-- [ RunTime:0.000000s ]
INFO: Run Behavior\ParseTemplateBehavior [ RunTime:0.020508s ]
INFO: [ view_parse ] --END-- [ RunTime:0.020508s ]
INFO: [ view_filter ] --START--
INFO: Run Behavior\WriteHtmlCacheBehavior [ RunTime:0.000977s ]
INFO: [ view_filter ] --END-- [ RunTime:0.000977s ]
INFO: [ app_end ] --START--
INFO: Run Behavior\ShowPageTraceBehavior [ RunTime:0.000000s ]
INFO: [ app_end ] --END-- [ RunTime:0.000000s ]

[ 2019-10-15T21:23:29+08:00 ] 106.11.159.33 /index.php/Room/index?lang=en-us
INFO: [ app_init ] --START--
INFO: Run Behavior\BuildLiteBehavior [ RunTime:0.000000s ]
INFO: [ app_init ] --END-- [ RunTime:0.000000s ]
INFO: [ app_begin ] --START--
INFO: Run Behavior\ReadHtmlCacheBehavior [ RunTime:0.000977s ]
INFO: Run Behavior\CheckLangBehavior [ RunTime:0.000977s ]
INFO: [ app_begin ] --END-- [ RunTime:0.001954s ]
SQL: SHOW COLUMNS FROM `qy_block` [ RunTime:0.0020s ]
SQL: SELECT * FROM `qy_block` WHERE ( title = 'Room_banner' ) LIMIT 1   [ RunTime:0.0020s ]
SQL: SHOW COLUMNS FROM `qy_roomtype` [ RunTime:0.0020s ]
SQL: SELECT * FROM `qy_roomtype` ORDER BY id desc  [ RunTime:0.0020s ]
INFO: [ view_parse ] --START--
INFO: [ template_filter ] --START--
INFO: Run Behavior\ContentReplaceBehavior [ RunTime:0.000000s ]
INFO: [ template_filter ] --END-- [ RunTime:0.000000s ]
INFO: Run Behavior\ParseTemplateBehavior [ RunTime:0.021485s ]
INFO: [ view_parse ] --END-- [ RunTime:0.021485s ]
INFO: [ view_filter ] --START--
INFO: Run Behavior\WriteHtmlCacheBehavior [ RunTime:0.000977s ]
INFO: [ view_filter ] --END-- [ RunTime:0.000977s ]
INFO: [ app_end ] --START--
INFO: Run Behavior\ShowPageTraceBehavior [ RunTime:0.000976s ]
INFO: [ app_end ] --END-- [ RunTime:0.000976s ]

