[ 2019-11-16T03:34:00+08:00 ] 106.11.156.218 /index.php/Water/detail/id/2?lang=en-us
INFO: [ app_init ] --START--
INFO: Run Behavior\BuildLiteBehavior [ RunTime:0.000000s ]
INFO: [ app_init ] --END-- [ RunTime:0.000976s ]
INFO: [ app_begin ] --START--
INFO: Run Behavior\ReadHtmlCacheBehavior [ RunTime:0.000976s ]
INFO: Run Behavior\CheckLangBehavior [ RunTime:0.001953s ]
INFO: [ app_begin ] --END-- [ RunTime:0.002929s ]
SQL: SHOW COLUMNS FROM `qy_shuiliao` [ RunTime:0.0029s ]
SQL: SELECT * FROM `qy_shuiliao` WHERE `id` = 2 LIMIT 1   [ RunTime:0.0020s ]
INFO: [ view_parse ] --START--
INFO: [ template_filter ] --START--
INFO: Run Behavior\ContentReplaceBehavior [ RunTime:0.000977s ]
INFO: [ template_filter ] --END-- [ RunTime:0.000977s ]
INFO: Run Behavior\ParseTemplateBehavior [ RunTime:0.024415s ]
INFO: [ view_parse ] --END-- [ RunTime:0.024415s ]
INFO: [ view_filter ] --START--
INFO: Run Behavior\WriteHtmlCacheBehavior [ RunTime:0.000976s ]
INFO: [ view_filter ] --END-- [ RunTime:0.000976s ]
INFO: [ app_end ] --START--
INFO: Run Behavior\ShowPageTraceBehavior [ RunTime:0.000977s ]
INFO: [ app_end ] --END-- [ RunTime:0.000977s ]

[ 2019-11-16T04:03:16+08:00 ] 183.136.190.62 /
INFO: [ app_init ] --START--
INFO: Run Behavior\BuildLiteBehavior [ RunTime:0.000000s ]
INFO: [ app_init ] --END-- [ RunTime:0.000000s ]
INFO: [ app_begin ] --START--
INFO: Run Behavior\ReadHtmlCacheBehavior [ RunTime:0.000000s ]
INFO: Run Behavior\CheckLangBehavior [ RunTime:0.001953s ]
INFO: [ app_begin ] --END-- [ RunTime:0.001953s ]
SQL: SHOW COLUMNS FROM `qy_block` [ RunTime:0.0029s ]
SQL: SELECT * FROM `qy_block` WHERE ( title = 'index_logo' ) LIMIT 1   [ RunTime:0.0029s ]
SQL: SELECT * FROM `qy_block` WHERE ( title = 'index_about' ) LIMIT 1   [ RunTime:0.0020s ]
SQL: SELECT * FROM `qy_block` WHERE ( title = 'dinner_index' ) LIMIT 1   [ RunTime:0.0029s ]
SQL: SELECT * FROM `qy_block` WHERE ( title = 'Water_index' ) LIMIT 1   [ RunTime:0.0020s ]
SQL: SELECT * FROM `qy_block` WHERE ( title = 'Activity_index' ) LIMIT 1   [ RunTime:0.0029s ]
SQL: SELECT * FROM `qy_block` WHERE ( title = 'Product_index' ) LIMIT 1   [ RunTime:0.0020s ]
SQL: SELECT * FROM `qy_block` WHERE ( title = 'honor_index' ) LIMIT 1   [ RunTime:0.0020s ]
NOTIC: [8] Undefined index: aa D:\www\ahnluh.com\Application\Home\Controller\IndexController.class.php 第 61 行.
INFO: [ view_parse ] --START--
INFO: [ template_filter ] --START--
INFO: Run Behavior\ContentReplaceBehavior [ RunTime:0.000000s ]
INFO: [ template_filter ] --END-- [ RunTime:0.000000s ]
INFO: Run Behavior\ParseTemplateBehavior [ RunTime:0.022462s ]
INFO: [ view_parse ] --END-- [ RunTime:0.022462s ]
INFO: [ view_filter ] --START--
INFO: Run Behavior\WriteHtmlCacheBehavior [ RunTime:0.000976s ]
INFO: [ view_filter ] --END-- [ RunTime:0.000976s ]
INFO: [ app_end ] --START--
INFO: Run Behavior\ShowPageTraceBehavior [ RunTime:0.000977s ]
INFO: [ app_end ] --END-- [ RunTime:0.000977s ]

[ 2019-11-16T05:13:37+08:00 ] 106.11.152.220 /index.php/Dinner/index?lang=en-us
INFO: [ app_init ] --START--
INFO: Run Behavior\BuildLiteBehavior [ RunTime:0.000000s ]
INFO: [ app_init ] --END-- [ RunTime:0.000977s ]
INFO: [ app_begin ] --START--
INFO: Run Behavior\ReadHtmlCacheBehavior [ RunTime:0.000976s ]
INFO: Run Behavior\CheckLangBehavior [ RunTime:0.002930s ]
INFO: [ app_begin ] --END-- [ RunTime:0.003906s ]
SQL: SHOW COLUMNS FROM `qy_expo_picture` [ RunTime:0.0049s ]
SQL: SELECT * FROM `qy_expo_picture` ORDER BY id desc  [ RunTime:0.0029s ]
INFO: [ view_parse ] --START--
INFO: [ template_filter ] --START--
INFO: Run Behavior\ContentReplaceBehavior [ RunTime:0.000976s ]
INFO: [ template_filter ] --END-- [ RunTime:0.000976s ]
INFO: Run Behavior\ParseTemplateBehavior [ RunTime:0.029298s ]
INFO: [ view_parse ] --END-- [ RunTime:0.029298s ]
INFO: [ view_filter ] --START--
INFO: Run Behavior\WriteHtmlCacheBehavior [ RunTime:0.000000s ]
INFO: [ view_filter ] --END-- [ RunTime:0.000000s ]
INFO: [ app_end ] --START--
INFO: Run Behavior\ShowPageTraceBehavior [ RunTime:0.000976s ]
INFO: [ app_end ] --END-- [ RunTime:0.000976s ]

[ 2019-11-16T08:22:14+08:00 ] 47.103.21.203 /
INFO: [ app_init ] --START--
INFO: Run Behavior\BuildLiteBehavior [ RunTime:0.000000s ]
INFO: [ app_init ] --END-- [ RunTime:0.000000s ]
INFO: [ app_begin ] --START--
INFO: Run Behavior\ReadHtmlCacheBehavior [ RunTime:0.000000s ]
INFO: Run Behavior\CheckLangBehavior [ RunTime:0.001953s ]
INFO: [ app_begin ] --END-- [ RunTime:0.001953s ]
SQL: SHOW COLUMNS FROM `qy_block` [ RunTime:0.0029s ]
SQL: SELECT * FROM `qy_block` WHERE ( title = 'index_logo' ) LIMIT 1   [ RunTime:0.0039s ]
SQL: SELECT * FROM `qy_block` WHERE ( title = 'index_about' ) LIMIT 1   [ RunTime:0.0020s ]
SQL: SELECT * FROM `qy_block` WHERE ( title = 'dinner_index' ) LIMIT 1   [ RunTime:0.0020s ]
SQL: SELECT * FROM `qy_block` WHERE ( title = 'Water_index' ) LIMIT 1   [ RunTime:0.0020s ]
SQL: SELECT * FROM `qy_block` WHERE ( title = 'Activity_index' ) LIMIT 1   [ RunTime:0.0020s ]
SQL: SELECT * FROM `qy_block` WHERE ( title = 'Product_index' ) LIMIT 1   [ RunTime:0.0029s ]
SQL: SELECT * FROM `qy_block` WHERE ( title = 'honor_index' ) LIMIT 1   [ RunTime:0.0020s ]
NOTIC: [8] Undefined index: aa D:\www\ahnluh.com\Application\Home\Controller\IndexController.class.php 第 61 行.
INFO: [ view_parse ] --START--
INFO: [ template_filter ] --START--
INFO: Run Behavior\ContentReplaceBehavior [ RunTime:0.000977s ]
INFO: [ template_filter ] --END-- [ RunTime:0.000977s ]
NOTIC: [8] Undefined index: think_language D:\www\ahnluh.com\Application\Runtime\Cache\Home\2a94b8bda04ff446dcedd42276fc99ee.php 第 8 行.
NOTIC: [8] Undefined index: think_language D:\www\ahnluh.com\Application\Runtime\Cache\Home\2a94b8bda04ff446dcedd42276fc99ee.php 第 14 行.
NOTIC: [8] Undefined index: think_language D:\www\ahnluh.com\Application\Runtime\Cache\Home\2a94b8bda04ff446dcedd42276fc99ee.php 第 160 行.
NOTIC: [8] Undefined index: think_language D:\www\ahnluh.com\Application\Runtime\Cache\Home\2a94b8bda04ff446dcedd42276fc99ee.php 第 846 行.
NOTIC: [8] Undefined index: think_language D:\www\ahnluh.com\Application\Runtime\Cache\Home\2a94b8bda04ff446dcedd42276fc99ee.php 第 859 行.
INFO: Run Behavior\ParseTemplateBehavior [ RunTime:0.024412s ]
INFO: [ view_parse ] --END-- [ RunTime:0.024412s ]
INFO: [ view_filter ] --START--
INFO: Run Behavior\WriteHtmlCacheBehavior [ RunTime:0.000977s ]
INFO: [ view_filter ] --END-- [ RunTime:0.000977s ]
INFO: [ app_end ] --START--
INFO: Run Behavior\ShowPageTraceBehavior [ RunTime:0.000000s ]
INFO: [ app_end ] --END-- [ RunTime:0.000976s ]

[ 2019-11-16T09:45:03+08:00 ] 106.11.155.220 /index.php/Room/detail/id/10?lang=zh-cn
INFO: [ app_init ] --START--
INFO: Run Behavior\BuildLiteBehavior [ RunTime:0.000000s ]
INFO: [ app_init ] --END-- [ RunTime:0.000977s ]
INFO: [ app_begin ] --START--
INFO: Run Behavior\ReadHtmlCacheBehavior [ RunTime:0.000976s ]
INFO: Run Behavior\CheckLangBehavior [ RunTime:0.000000s ]
INFO: [ app_begin ] --END-- [ RunTime:0.000976s ]
SQL: SHOW COLUMNS FROM `qy_roomtype` [ RunTime:0.0029s ]
SQL: SELECT * FROM `qy_roomtype` WHERE `id` = 10 LIMIT 1   [ RunTime:0.0039s ]
INFO: [ view_parse ] --START--
INFO: [ template_filter ] --START--
INFO: Run Behavior\ContentReplaceBehavior [ RunTime:0.000000s ]
INFO: [ template_filter ] --END-- [ RunTime:0.000000s ]
INFO: Run Behavior\ParseTemplateBehavior [ RunTime:0.021483s ]
INFO: [ view_parse ] --END-- [ RunTime:0.021483s ]
INFO: [ view_filter ] --START--
INFO: Run Behavior\WriteHtmlCacheBehavior [ RunTime:0.000000s ]
INFO: [ view_filter ] --END-- [ RunTime:0.000000s ]
INFO: [ app_end ] --START--
INFO: Run Behavior\ShowPageTraceBehavior [ RunTime:0.000000s ]
INFO: [ app_end ] --END-- [ RunTime:0.000000s ]

[ 2019-11-16T11:31:32+08:00 ] 222.240.44.115 /
INFO: [ app_init ] --START--
INFO: Run Behavior\BuildLiteBehavior [ RunTime:0.000000s ]
INFO: [ app_init ] --END-- [ RunTime:0.000000s ]
INFO: [ app_begin ] --START--
INFO: Run Behavior\ReadHtmlCacheBehavior [ RunTime:0.000000s ]
INFO: Run Behavior\CheckLangBehavior [ RunTime:0.000976s ]
INFO: [ app_begin ] --END-- [ RunTime:0.000976s ]
SQL: SHOW COLUMNS FROM `qy_block` [ RunTime:0.0029s ]
SQL: SELECT * FROM `qy_block` WHERE ( title = 'index_logo' ) LIMIT 1   [ RunTime:0.0068s ]
SQL: SELECT * FROM `qy_block` WHERE ( title = 'index_about' ) LIMIT 1   [ RunTime:0.0068s ]
SQL: SELECT * FROM `qy_block` WHERE ( title = 'dinner_index' ) LIMIT 1   [ RunTime:0.0020s ]
SQL: SELECT * FROM `qy_block` WHERE ( title = 'Water_index' ) LIMIT 1   [ RunTime:0.0029s ]
SQL: SELECT * FROM `qy_block` WHERE ( title = 'Activity_index' ) LIMIT 1   [ RunTime:0.0020s ]
SQL: SELECT * FROM `qy_block` WHERE ( title = 'Product_index' ) LIMIT 1   [ RunTime:0.0029s ]
SQL: SELECT * FROM `qy_block` WHERE ( title = 'honor_index' ) LIMIT 1   [ RunTime:0.0029s ]
NOTIC: [8] Undefined index: aa D:\www\ahnluh.com\Application\Home\Controller\IndexController.class.php 第 61 行.
INFO: [ view_parse ] --START--
INFO: [ template_filter ] --START--
INFO: Run Behavior\ContentReplaceBehavior [ RunTime:0.000000s ]
INFO: [ template_filter ] --END-- [ RunTime:0.000000s ]
NOTIC: [8] Undefined index: think_language D:\www\ahnluh.com\Application\Runtime\Cache\Home\2a94b8bda04ff446dcedd42276fc99ee.php 第 8 行.
NOTIC: [8] Undefined index: think_language D:\www\ahnluh.com\Application\Runtime\Cache\Home\2a94b8bda04ff446dcedd42276fc99ee.php 第 14 行.
NOTIC: [8] Undefined index: think_language D:\www\ahnluh.com\Application\Runtime\Cache\Home\2a94b8bda04ff446dcedd42276fc99ee.php 第 160 行.
NOTIC: [8] Undefined index: think_language D:\www\ahnluh.com\Application\Runtime\Cache\Home\2a94b8bda04ff446dcedd42276fc99ee.php 第 846 行.
NOTIC: [8] Undefined index: think_language D:\www\ahnluh.com\Application\Runtime\Cache\Home\2a94b8bda04ff446dcedd42276fc99ee.php 第 859 行.
INFO: Run Behavior\ParseTemplateBehavior [ RunTime:0.023439s ]
INFO: [ view_parse ] --END-- [ RunTime:0.023439s ]
INFO: [ view_filter ] --START--
INFO: Run Behavior\WriteHtmlCacheBehavior [ RunTime:0.000000s ]
INFO: [ view_filter ] --END-- [ RunTime:0.000000s ]
INFO: 
INFO: 
INFO: 

[ 2019-11-16T23:45:38+08:00 ] 106.11.159.210 /index.php/Product/index?lang=en-us
INFO: [ app_init ] --START--
INFO: Run Behavior\BuildLiteBehavior [ RunTime:0.000000s ]
INFO: [ app_init ] --END-- [ RunTime:0.000976s ]
INFO: [ app_begin ] --START--
INFO: Run Behavior\ReadHtmlCacheBehavior [ RunTime:0.000977s ]
INFO: Run Behavior\CheckLangBehavior [ RunTime:0.002930s ]
INFO: [ app_begin ] --END-- [ RunTime:0.003907s ]
SQL: SHOW COLUMNS FROM `qy_block` [ RunTime:0.0029s ]
SQL: SELECT * FROM `qy_block` WHERE ( title = 'Product_index' ) LIMIT 1   [ RunTime:0.0020s ]
INFO: [ view_parse ] --START--
INFO: [ template_filter ] --START--
INFO: Run Behavior\ContentReplaceBehavior [ RunTime:0.000000s ]
INFO: [ template_filter ] --END-- [ RunTime:0.000000s ]
INFO: Run Behavior\ParseTemplateBehavior [ RunTime:0.025392s ]
INFO: [ view_parse ] --END-- [ RunTime:0.026368s ]
INFO: [ view_filter ] --START--
INFO: Run Behavior\WriteHtmlCacheBehavior [ RunTime:0.000000s ]
INFO: [ view_filter ] --END-- [ RunTime:0.000000s ]
INFO: [ app_end ] --START--
INFO: Run Behavior\ShowPageTraceBehavior [ RunTime:0.000976s ]
INFO: [ app_end ] --END-- [ RunTime:0.000976s ]

