[ 2019-11-14T04:11:14+08:00 ] 183.136.190.62 /
INFO: [ app_init ] --START--
INFO: Run Behavior\BuildLiteBehavior [ RunTime:0.000000s ]
INFO: [ app_init ] --END-- [ RunTime:0.000976s ]
INFO: [ app_begin ] --START--
INFO: Run Behavior\ReadHtmlCacheBehavior [ RunTime:0.000976s ]
INFO: Run Behavior\CheckLangBehavior [ RunTime:0.000977s ]
INFO: [ app_begin ] --END-- [ RunTime:0.001953s ]
SQL: SHOW COLUMNS FROM `qy_block` [ RunTime:0.0029s ]
SQL: SELECT * FROM `qy_block` WHERE ( title = 'index_logo' ) LIMIT 1   [ RunTime:0.0029s ]
SQL: SELECT * FROM `qy_block` WHERE ( title = 'index_about' ) LIMIT 1   [ RunTime:0.0020s ]
SQL: SELECT * FROM `qy_block` WHERE ( title = 'dinner_index' ) LIMIT 1   [ RunTime:0.0029s ]
SQL: SELECT * FROM `qy_block` WHERE ( title = 'Water_index' ) LIMIT 1   [ RunTime:0.0020s ]
SQL: SELECT * FROM `qy_block` WHERE ( title = 'Activity_index' ) LIMIT 1   [ RunTime:0.0020s ]
SQL: SELECT * FROM `qy_block` WHERE ( title = 'Product_index' ) LIMIT 1   [ RunTime:0.0029s ]
SQL: SELECT * FROM `qy_block` WHERE ( title = 'honor_index' ) LIMIT 1   [ RunTime:0.0020s ]
NOTIC: [8] Undefined index: aa D:\www\ahnluh.com\Application\Home\Controller\IndexController.class.php 第 61 行.
INFO: [ view_parse ] --START--
INFO: [ template_filter ] --START--
INFO: Run Behavior\ContentReplaceBehavior [ RunTime:0.000000s ]
INFO: [ template_filter ] --END-- [ RunTime:0.000000s ]
INFO: Run Behavior\ParseTemplateBehavior [ RunTime:0.022462s ]
INFO: [ view_parse ] --END-- [ RunTime:0.022462s ]
INFO: [ view_filter ] --START--
INFO: Run Behavior\WriteHtmlCacheBehavior [ RunTime:0.000977s ]
INFO: [ view_filter ] --END-- [ RunTime:0.000977s ]
INFO: [ app_end ] --START--
INFO: Run Behavior\ShowPageTraceBehavior [ RunTime:0.000976s ]
INFO: [ app_end ] --END-- [ RunTime:0.000976s ]

[ 2019-11-14T08:04:49+08:00 ] 47.101.198.126 /
INFO: [ app_init ] --START--
INFO: Run Behavior\BuildLiteBehavior [ RunTime:0.000000s ]
INFO: [ app_init ] --END-- [ RunTime:0.000977s ]
INFO: [ app_begin ] --START--
INFO: Run Behavior\ReadHtmlCacheBehavior [ RunTime:0.000000s ]
INFO: Run Behavior\CheckLangBehavior [ RunTime:0.000976s ]
INFO: [ app_begin ] --END-- [ RunTime:0.000976s ]
SQL: SHOW COLUMNS FROM `qy_block` [ RunTime:0.0029s ]
SQL: SELECT * FROM `qy_block` WHERE ( title = 'index_logo' ) LIMIT 1   [ RunTime:0.0029s ]
SQL: SELECT * FROM `qy_block` WHERE ( title = 'index_about' ) LIMIT 1   [ RunTime:0.0020s ]
SQL: SELECT * FROM `qy_block` WHERE ( title = 'dinner_index' ) LIMIT 1   [ RunTime:0.0029s ]
SQL: SELECT * FROM `qy_block` WHERE ( title = 'Water_index' ) LIMIT 1   [ RunTime:0.0020s ]
SQL: SELECT * FROM `qy_block` WHERE ( title = 'Activity_index' ) LIMIT 1   [ RunTime:0.0029s ]
SQL: SELECT * FROM `qy_block` WHERE ( title = 'Product_index' ) LIMIT 1   [ RunTime:0.0029s ]
SQL: SELECT * FROM `qy_block` WHERE ( title = 'honor_index' ) LIMIT 1   [ RunTime:0.0020s ]
NOTIC: [8] Undefined index: aa D:\www\ahnluh.com\Application\Home\Controller\IndexController.class.php 第 61 行.
INFO: [ view_parse ] --START--
INFO: [ template_filter ] --START--
INFO: Run Behavior\ContentReplaceBehavior [ RunTime:0.000000s ]
INFO: [ template_filter ] --END-- [ RunTime:0.000000s ]
NOTIC: [8] Undefined index: think_language D:\www\ahnluh.com\Application\Runtime\Cache\Home\2a94b8bda04ff446dcedd42276fc99ee.php 第 8 行.
NOTIC: [8] Undefined index: think_language D:\www\ahnluh.com\Application\Runtime\Cache\Home\2a94b8bda04ff446dcedd42276fc99ee.php 第 14 行.
NOTIC: [8] Undefined index: think_language D:\www\ahnluh.com\Application\Runtime\Cache\Home\2a94b8bda04ff446dcedd42276fc99ee.php 第 160 行.
NOTIC: [8] Undefined index: think_language D:\www\ahnluh.com\Application\Runtime\Cache\Home\2a94b8bda04ff446dcedd42276fc99ee.php 第 846 行.
NOTIC: [8] Undefined index: think_language D:\www\ahnluh.com\Application\Runtime\Cache\Home\2a94b8bda04ff446dcedd42276fc99ee.php 第 859 行.
INFO: Run Behavior\ParseTemplateBehavior [ RunTime:0.022462s ]
INFO: [ view_parse ] --END-- [ RunTime:0.022462s ]
INFO: [ view_filter ] --START--
INFO: Run Behavior\WriteHtmlCacheBehavior [ RunTime:0.000000s ]
INFO: [ view_filter ] --END-- [ RunTime:0.000000s ]
INFO: [ app_end ] --START--
INFO: Run Behavior\ShowPageTraceBehavior [ RunTime:0.000976s ]
INFO: [ app_end ] --END-- [ RunTime:0.000976s ]

[ 2019-11-14T17:31:23+08:00 ] 42.156.254.114 /index.php/Order/roomlist
INFO: [ app_init ] --START--
INFO: Run Behavior\BuildLiteBehavior [ RunTime:0.000000s ]
INFO: [ app_init ] --END-- [ RunTime:0.000000s ]
INFO: [ app_begin ] --START--
INFO: Run Behavior\ReadHtmlCacheBehavior [ RunTime:0.000976s ]
INFO: Run Behavior\CheckLangBehavior [ RunTime:0.000977s ]
INFO: [ app_begin ] --END-- [ RunTime:0.001953s ]
NOTIC: [8] Undefined index: start D:\www\ahnluh.com\Application\Home\Controller\OrderController.class.php 第 20 行.
NOTIC: [8] Undefined index: start D:\www\ahnluh.com\Application\Home\Controller\OrderController.class.php 第 20 行.
NOTIC: [8] Undefined index: end D:\www\ahnluh.com\Application\Home\Controller\OrderController.class.php 第 21 行.
NOTIC: [8] Undefined index: end D:\www\ahnluh.com\Application\Home\Controller\OrderController.class.php 第 21 行.
NOTIC: [8] Undefined index: nums D:\www\ahnluh.com\Application\Home\Controller\OrderController.class.php 第 22 行.
NOTIC: [8] Undefined index: nums D:\www\ahnluh.com\Application\Home\Controller\OrderController.class.php 第 22 行.
NOTIC: [8] Undefined index: code D:\www\ahnluh.com\Application\Home\Controller\OrderController.class.php 第 23 行.
NOTIC: [8] Undefined index: code D:\www\ahnluh.com\Application\Home\Controller\OrderController.class.php 第 23 行.
NOTIC: [8] Undefined index: adult D:\www\ahnluh.com\Application\Home\Controller\OrderController.class.php 第 24 行.
NOTIC: [8] Undefined index: adult D:\www\ahnluh.com\Application\Home\Controller\OrderController.class.php 第 24 行.
NOTIC: [8] Undefined index: child D:\www\ahnluh.com\Application\Home\Controller\OrderController.class.php 第 25 行.
NOTIC: [8] Undefined index: child D:\www\ahnluh.com\Application\Home\Controller\OrderController.class.php 第 25 行.
SQL: SHOW COLUMNS FROM `qy_roomtype` [ RunTime:0.0059s ]
SQL: SELECT * FROM `qy_roomtype` ORDER BY id desc  [ RunTime:0.0029s ]
SQL: SHOW COLUMNS FROM `ims_hotel2_room_huodong` [ RunTime:0.0029s ]
SQL: SHOW COLUMNS FROM `qy_price` [ RunTime:0.0039s ]
SQL: SELECT * FROM `qy_price` WHERE ( roomid='12' AND start_date<='2019-11-14' AND end_date>='2019-11-14' AND start_date<='2019-11-15' AND end_date>='2019-11-15' ) ORDER BY id desc  [ RunTime:0.0020s ]
SQL: SELECT * FROM `ims_hotel2_room_huodong` WHERE ( hotel_code='UAHZJ' AND room_code='D1BV' AND ratecode='WHL03' AND start_time<='2019-11-14' AND end_time>='2019-11-14' ) ORDER BY id ASC  [ RunTime:0.0107s ]
SQL: SHOW COLUMNS FROM `ims_currencyrate` [ RunTime:0.0029s ]
SQL: SELECT * FROM `ims_currencyrate` WHERE ( code='HKD' ) LIMIT 1   [ RunTime:0.0020s ]
SQL: SELECT * FROM `ims_currencyrate` WHERE ( code='HKD' ) LIMIT 1   [ RunTime:0.0020s ]
SQL: SELECT * FROM `ims_currencyrate` WHERE ( code='HKD' ) LIMIT 1   [ RunTime:0.0020s ]
SQL: SELECT * FROM `qy_price` WHERE ( roomid='11' AND start_date<='2019-11-14' AND end_date>='2019-11-14' AND start_date<='2019-11-15' AND end_date>='2019-11-15' ) ORDER BY id desc  [ RunTime:0.0020s ]
SQL: SELECT * FROM `ims_hotel2_room_huodong` WHERE ( hotel_code='UAHZJ' AND room_code='L2BV' AND ratecode='WHL03' AND start_time<='2019-11-14' AND end_time>='2019-11-14' ) ORDER BY id ASC  [ RunTime:0.0068s ]
SQL: SELECT * FROM `ims_currencyrate` WHERE ( code='HKD' ) LIMIT 1   [ RunTime:0.0020s ]
SQL: SELECT * FROM `ims_currencyrate` WHERE ( code='HKD' ) LIMIT 1   [ RunTime:0.0020s ]
SQL: SELECT * FROM `ims_currencyrate` WHERE ( code='HKD' ) LIMIT 1   [ RunTime:0.0020s ]
SQL: SELECT * FROM `qy_price` WHERE ( roomid='10' AND start_date<='2019-11-14' AND end_date>='2019-11-14' AND start_date<='2019-11-15' AND end_date>='2019-11-15' ) ORDER BY id desc  [ RunTime:0.0029s ]
SQL: SELECT * FROM `ims_hotel2_room_huodong` WHERE ( hotel_code='UAHZJ' AND room_code='C2BV' AND ratecode='WHL03' AND start_time<='2019-11-14' AND end_time>='2019-11-14' ) ORDER BY id ASC  [ RunTime:0.0029s ]
SQL: SELECT * FROM `ims_currencyrate` WHERE ( code='HKD' ) LIMIT 1   [ RunTime:0.0029s ]
SQL: SELECT * FROM `ims_currencyrate` WHERE ( code='HKD' ) LIMIT 1   [ RunTime:0.0020s ]
SQL: SELECT * FROM `ims_currencyrate` WHERE ( code='HKD' ) LIMIT 1   [ RunTime:0.0020s ]
INFO: [ view_parse ] --START--
INFO: [ template_filter ] --START--
INFO: Run Behavior\ContentReplaceBehavior [ RunTime:0.000976s ]
INFO: [ template_filter ] --END-- [ RunTime:0.000976s ]
NOTIC: [8] Undefined index: think_language D:\www\ahnluh.com\Application\Runtime\Cache\Home\0f4b92c2a455c394098414489306e71b.php 第 8 行.
NOTIC: [8] Undefined index: think_language D:\www\ahnluh.com\Application\Runtime\Cache\Home\0f4b92c2a455c394098414489306e71b.php 第 14 行.
NOTIC: [8] Undefined index: think_language D:\www\ahnluh.com\Application\Runtime\Cache\Home\0f4b92c2a455c394098414489306e71b.php 第 123 行.
NOTIC: [8] Undefined index: think_language D:\www\ahnluh.com\Application\Runtime\Cache\Home\0f4b92c2a455c394098414489306e71b.php 第 530 行.
NOTIC: [8] Undefined index: think_language D:\www\ahnluh.com\Application\Runtime\Cache\Home\0f4b92c2a455c394098414489306e71b.php 第 545 行.
NOTIC: [8] Undefined index: think_language D:\www\ahnluh.com\Application\Runtime\Cache\Home\0f4b92c2a455c394098414489306e71b.php 第 530 行.
NOTIC: [8] Undefined index: think_language D:\www\ahnluh.com\Application\Runtime\Cache\Home\0f4b92c2a455c394098414489306e71b.php 第 545 行.
NOTIC: [8] Undefined index: think_language D:\www\ahnluh.com\Application\Runtime\Cache\Home\0f4b92c2a455c394098414489306e71b.php 第 530 行.
NOTIC: [8] Undefined index: think_language D:\www\ahnluh.com\Application\Runtime\Cache\Home\0f4b92c2a455c394098414489306e71b.php 第 545 行.
NOTIC: [8] Undefined index: think_language D:\www\ahnluh.com\Application\Runtime\Cache\Home\0f4b92c2a455c394098414489306e71b.php 第 599 行.
NOTIC: [8] Undefined index: think_language D:\www\ahnluh.com\Application\Runtime\Cache\Home\0f4b92c2a455c394098414489306e71b.php 第 607 行.
NOTIC: [8] Undefined index: think_language D:\www\ahnluh.com\Application\Runtime\Cache\Home\0f4b92c2a455c394098414489306e71b.php 第 615 行.
NOTIC: [8] Undefined index: think_language D:\www\ahnluh.com\Application\Runtime\Cache\Home\0f4b92c2a455c394098414489306e71b.php 第 623 行.
NOTIC: [8] Undefined index: think_language D:\www\ahnluh.com\Application\Runtime\Cache\Home\0f4b92c2a455c394098414489306e71b.php 第 703 行.
NOTIC: [8] Undefined index: think_language D:\www\ahnluh.com\Application\Runtime\Cache\Home\0f4b92c2a455c394098414489306e71b.php 第 716 行.
INFO: Run Behavior\ParseTemplateBehavior [ RunTime:0.032227s ]
INFO: [ view_parse ] --END-- [ RunTime:0.032227s ]
INFO: [ view_filter ] --START--
INFO: Run Behavior\WriteHtmlCacheBehavior [ RunTime:0.000000s ]
INFO: [ view_filter ] --END-- [ RunTime:0.000000s ]
INFO: [ app_end ] --START--
INFO: Run Behavior\ShowPageTraceBehavior [ RunTime:0.000977s ]
INFO: [ app_end ] --END-- [ RunTime:0.000977s ]

