[ 2019-10-24T00:14:25+08:00 ] 106.11.158.62 /index.php/Room/detail/id/11?lang=en-us
INFO: [ app_init ] --START--
INFO: Run Behavior\BuildLiteBehavior [ RunTime:0.000000s ]
INFO: [ app_init ] --END-- [ RunTime:0.000977s ]
INFO: [ app_begin ] --START--
INFO: Run Behavior\ReadHtmlCacheBehavior [ RunTime:0.000977s ]
INFO: Run Behavior\CheckLangBehavior [ RunTime:0.000976s ]
INFO: [ app_begin ] --END-- [ RunTime:0.001953s ]
SQL: SHOW COLUMNS FROM `qy_roomtype` [ RunTime:0.0059s ]
SQL: SELECT * FROM `qy_roomtype` WHERE `id` = 11 LIMIT 1   [ RunTime:0.0029s ]
INFO: [ view_parse ] --START--
INFO: [ template_filter ] --START--
INFO: Run Behavior\ContentReplaceBehavior [ RunTime:0.000000s ]
INFO: [ template_filter ] --END-- [ RunTime:0.000000s ]
INFO: Run Behavior\ParseTemplateBehavior [ RunTime:0.021485s ]
INFO: [ view_parse ] --END-- [ RunTime:0.021485s ]
INFO: [ view_filter ] --START--
INFO: Run Behavior\WriteHtmlCacheBehavior [ RunTime:0.000000s ]
INFO: [ view_filter ] --END-- [ RunTime:0.000000s ]
INFO: [ app_end ] --START--
INFO: Run Behavior\ShowPageTraceBehavior [ RunTime:0.000000s ]
INFO: [ app_end ] --END-- [ RunTime:0.000000s ]

[ 2019-10-24T01:38:53+08:00 ] 106.11.154.60 /index.php/Water/detail/id/3
INFO: [ app_init ] --START--
INFO: Run Behavior\BuildLiteBehavior [ RunTime:0.000000s ]
INFO: [ app_init ] --END-- [ RunTime:0.000000s ]
INFO: [ app_begin ] --START--
INFO: Run Behavior\ReadHtmlCacheBehavior [ RunTime:0.000000s ]
INFO: Run Behavior\CheckLangBehavior [ RunTime:0.000976s ]
INFO: [ app_begin ] --END-- [ RunTime:0.000976s ]
SQL: SHOW COLUMNS FROM `qy_shuiliao` [ RunTime:0.0039s ]
SQL: SELECT * FROM `qy_shuiliao` WHERE `id` = 3 LIMIT 1   [ RunTime:0.0029s ]
INFO: [ view_parse ] --START--
INFO: [ template_filter ] --START--
INFO: Run Behavior\ContentReplaceBehavior [ RunTime:0.000000s ]
INFO: [ template_filter ] --END-- [ RunTime:0.000000s ]
INFO: Run Behavior\ParseTemplateBehavior [ RunTime:0.017579s ]
INFO: [ view_parse ] --END-- [ RunTime:0.017579s ]
INFO: [ view_filter ] --START--
INFO: Run Behavior\WriteHtmlCacheBehavior [ RunTime:0.000976s ]
INFO: [ view_filter ] --END-- [ RunTime:0.000976s ]
INFO: [ app_end ] --START--
INFO: Run Behavior\ShowPageTraceBehavior [ RunTime:0.000977s ]
INFO: [ app_end ] --END-- [ RunTime:0.000977s ]

[ 2019-10-24T03:47:03+08:00 ] 183.136.190.40 /
INFO: [ app_init ] --START--
INFO: Run Behavior\BuildLiteBehavior [ RunTime:0.000000s ]
INFO: [ app_init ] --END-- [ RunTime:0.000977s ]
INFO: [ app_begin ] --START--
INFO: Run Behavior\ReadHtmlCacheBehavior [ RunTime:0.000000s ]
INFO: Run Behavior\CheckLangBehavior [ RunTime:0.001953s ]
INFO: [ app_begin ] --END-- [ RunTime:0.001953s ]
SQL: SHOW COLUMNS FROM `qy_block` [ RunTime:0.0029s ]
SQL: SELECT * FROM `qy_block` WHERE ( title = 'index_logo' ) LIMIT 1   [ RunTime:0.0020s ]
SQL: SELECT * FROM `qy_block` WHERE ( title = 'index_about' ) LIMIT 1   [ RunTime:0.0029s ]
SQL: SELECT * FROM `qy_block` WHERE ( title = 'dinner_index' ) LIMIT 1   [ RunTime:0.0020s ]
SQL: SELECT * FROM `qy_block` WHERE ( title = 'Water_index' ) LIMIT 1   [ RunTime:0.0029s ]
SQL: SELECT * FROM `qy_block` WHERE ( title = 'Activity_index' ) LIMIT 1   [ RunTime:0.0020s ]
SQL: SELECT * FROM `qy_block` WHERE ( title = 'Product_index' ) LIMIT 1   [ RunTime:0.0029s ]
SQL: SELECT * FROM `qy_block` WHERE ( title = 'honor_index' ) LIMIT 1   [ RunTime:0.0020s ]
NOTIC: [8] Undefined index: aa D:\www\ahnluh.com\Application\Home\Controller\IndexController.class.php 第 61 行.
INFO: [ view_parse ] --START--
INFO: [ template_filter ] --START--
INFO: Run Behavior\ContentReplaceBehavior [ RunTime:0.000000s ]
INFO: [ template_filter ] --END-- [ RunTime:0.000000s ]
INFO: Run Behavior\ParseTemplateBehavior [ RunTime:0.023434s ]
INFO: [ view_parse ] --END-- [ RunTime:0.023434s ]
INFO: [ view_filter ] --START--
INFO: Run Behavior\WriteHtmlCacheBehavior [ RunTime:0.000000s ]
INFO: [ view_filter ] --END-- [ RunTime:0.000000s ]
INFO: [ app_end ] --START--
INFO: Run Behavior\ShowPageTraceBehavior [ RunTime:0.000977s ]
INFO: [ app_end ] --END-- [ RunTime:0.000977s ]

[ 2019-10-24T06:29:48+08:00 ] 106.11.155.60 /index.php/Order/roomlist?lang=en-us
INFO: [ app_init ] --START--
INFO: Run Behavior\BuildLiteBehavior [ RunTime:0.000000s ]
INFO: [ app_init ] --END-- [ RunTime:0.000977s ]
INFO: [ app_begin ] --START--
INFO: Run Behavior\ReadHtmlCacheBehavior [ RunTime:0.000000s ]
INFO: Run Behavior\CheckLangBehavior [ RunTime:0.001953s ]
INFO: [ app_begin ] --END-- [ RunTime:0.002930s ]
NOTIC: [8] Undefined index: start D:\www\ahnluh.com\Application\Home\Controller\OrderController.class.php 第 17 行.
NOTIC: [8] Undefined index: start D:\www\ahnluh.com\Application\Home\Controller\OrderController.class.php 第 17 行.
NOTIC: [8] Undefined index: end D:\www\ahnluh.com\Application\Home\Controller\OrderController.class.php 第 18 行.
NOTIC: [8] Undefined index: end D:\www\ahnluh.com\Application\Home\Controller\OrderController.class.php 第 18 行.
NOTIC: [8] Undefined index: nums D:\www\ahnluh.com\Application\Home\Controller\OrderController.class.php 第 19 行.
NOTIC: [8] Undefined index: nums D:\www\ahnluh.com\Application\Home\Controller\OrderController.class.php 第 19 行.
NOTIC: [8] Undefined index: code D:\www\ahnluh.com\Application\Home\Controller\OrderController.class.php 第 20 行.
NOTIC: [8] Undefined index: code D:\www\ahnluh.com\Application\Home\Controller\OrderController.class.php 第 20 行.
NOTIC: [8] Undefined index: adult D:\www\ahnluh.com\Application\Home\Controller\OrderController.class.php 第 21 行.
NOTIC: [8] Undefined index: adult D:\www\ahnluh.com\Application\Home\Controller\OrderController.class.php 第 21 行.
NOTIC: [8] Undefined index: child D:\www\ahnluh.com\Application\Home\Controller\OrderController.class.php 第 22 行.
NOTIC: [8] Undefined index: child D:\www\ahnluh.com\Application\Home\Controller\OrderController.class.php 第 22 行.
SQL: SHOW COLUMNS FROM `qy_roomtype` [ RunTime:0.0020s ]
SQL: SELECT * FROM `qy_roomtype` ORDER BY id desc  [ RunTime:0.0029s ]
SQL: SHOW COLUMNS FROM `ims_hotel2_room_huodong` [ RunTime:0.0029s ]
SQL: SHOW COLUMNS FROM `qy_price` [ RunTime:0.0039s ]
SQL: SELECT * FROM `qy_price` WHERE ( roomid='12' AND start_date<='2019-10-24' AND end_date>='2019-10-24' AND start_date<='2019-10-25' AND end_date>='2019-10-25' ) ORDER BY id desc  [ RunTime:0.0020s ]
SQL: SELECT * FROM `ims_hotel2_room_huodong` WHERE ( hotel_code='UAHZJ' AND room_code='D1BV' AND ratecode='WHL01' AND start_time<='2019-10-24' AND end_time>='2019-10-24' ) ORDER BY id ASC  [ RunTime:0.0029s ]
SQL: SHOW COLUMNS FROM `ims_currencyrate` [ RunTime:0.0020s ]
SQL: SELECT * FROM `ims_currencyrate` WHERE ( code='HKD' ) LIMIT 1   [ RunTime:0.0029s ]
SQL: SELECT * FROM `ims_currencyrate` WHERE ( code='HKD' ) LIMIT 1   [ RunTime:0.0029s ]
SQL: SELECT * FROM `ims_currencyrate` WHERE ( code='HKD' ) LIMIT 1   [ RunTime:0.0029s ]
SQL: SELECT * FROM `ims_currencyrate` WHERE ( code='HKD' ) LIMIT 1   [ RunTime:0.0020s ]
SQL: SELECT * FROM `ims_currencyrate` WHERE ( code='HKD' ) LIMIT 1   [ RunTime:0.0029s ]
SQL: SELECT * FROM `ims_currencyrate` WHERE ( code='HKD' ) LIMIT 1   [ RunTime:0.0020s ]
SQL: SELECT * FROM `ims_currencyrate` WHERE ( code='HKD' ) LIMIT 1   [ RunTime:0.0020s ]
SQL: SELECT * FROM `ims_currencyrate` WHERE ( code='HKD' ) LIMIT 1   [ RunTime:0.0029s ]
SQL: SELECT * FROM `ims_currencyrate` WHERE ( code='HKD' ) LIMIT 1   [ RunTime:0.0020s ]
SQL: SELECT * FROM `ims_currencyrate` WHERE ( code='HKD' ) LIMIT 1   [ RunTime:0.0020s ]
SQL: SELECT * FROM `qy_price` WHERE ( roomid='11' AND start_date<='2019-10-24' AND end_date>='2019-10-24' AND start_date<='2019-10-25' AND end_date>='2019-10-25' ) ORDER BY id desc  [ RunTime:0.0020s ]
SQL: SELECT * FROM `ims_hotel2_room_huodong` WHERE ( hotel_code='UAHZJ' AND room_code='L2BV' AND ratecode='WHL01' AND start_time<='2019-10-24' AND end_time>='2019-10-24' ) ORDER BY id ASC  [ RunTime:0.0039s ]
SQL: SELECT * FROM `ims_currencyrate` WHERE ( code='HKD' ) LIMIT 1   [ RunTime:0.0029s ]
SQL: SELECT * FROM `ims_currencyrate` WHERE ( code='HKD' ) LIMIT 1   [ RunTime:0.0020s ]
SQL: SELECT * FROM `ims_currencyrate` WHERE ( code='HKD' ) LIMIT 1   [ RunTime:0.0029s ]
SQL: SELECT * FROM `ims_currencyrate` WHERE ( code='HKD' ) LIMIT 1   [ RunTime:0.0020s ]
SQL: SELECT * FROM `ims_currencyrate` WHERE ( code='HKD' ) LIMIT 1   [ RunTime:0.0020s ]
SQL: SELECT * FROM `ims_currencyrate` WHERE ( code='HKD' ) LIMIT 1   [ RunTime:0.0029s ]
SQL: SELECT * FROM `ims_currencyrate` WHERE ( code='HKD' ) LIMIT 1   [ RunTime:0.0020s ]
SQL: SELECT * FROM `ims_currencyrate` WHERE ( code='HKD' ) LIMIT 1   [ RunTime:0.0029s ]
SQL: SELECT * FROM `ims_currencyrate` WHERE ( code='HKD' ) LIMIT 1   [ RunTime:0.0020s ]
SQL: SELECT * FROM `ims_currencyrate` WHERE ( code='HKD' ) LIMIT 1   [ RunTime:0.0020s ]
SQL: SELECT * FROM `ims_currencyrate` WHERE ( code='HKD' ) LIMIT 1   [ RunTime:0.0029s ]
SQL: SELECT * FROM `ims_currencyrate` WHERE ( code='HKD' ) LIMIT 1   [ RunTime:0.0020s ]
SQL: SELECT * FROM `ims_currencyrate` WHERE ( code='HKD' ) LIMIT 1   [ RunTime:0.0020s ]
SQL: SELECT * FROM `qy_price` WHERE ( roomid='10' AND start_date<='2019-10-24' AND end_date>='2019-10-24' AND start_date<='2019-10-25' AND end_date>='2019-10-25' ) ORDER BY id desc  [ RunTime:0.0020s ]
SQL: SELECT * FROM `ims_hotel2_room_huodong` WHERE ( hotel_code='UAHZJ' AND room_code='C2BV' AND ratecode='WHL01' AND start_time<='2019-10-24' AND end_time>='2019-10-24' ) ORDER BY id ASC  [ RunTime:0.0029s ]
SQL: SELECT * FROM `ims_currencyrate` WHERE ( code='HKD' ) LIMIT 1   [ RunTime:0.0020s ]
SQL: SELECT * FROM `ims_currencyrate` WHERE ( code='HKD' ) LIMIT 1   [ RunTime:0.0020s ]
SQL: SELECT * FROM `ims_currencyrate` WHERE ( code='HKD' ) LIMIT 1   [ RunTime:0.0029s ]
SQL: SELECT * FROM `ims_currencyrate` WHERE ( code='HKD' ) LIMIT 1   [ RunTime:0.0020s ]
SQL: SELECT * FROM `ims_currencyrate` WHERE ( code='HKD' ) LIMIT 1   [ RunTime:0.0020s ]
SQL: SELECT * FROM `ims_currencyrate` WHERE ( code='HKD' ) LIMIT 1   [ RunTime:0.0020s ]
SQL: SELECT * FROM `ims_currencyrate` WHERE ( code='HKD' ) LIMIT 1   [ RunTime:0.0020s ]
SQL: SELECT * FROM `ims_currencyrate` WHERE ( code='HKD' ) LIMIT 1   [ RunTime:0.0029s ]
SQL: SELECT * FROM `ims_currencyrate` WHERE ( code='HKD' ) LIMIT 1   [ RunTime:0.0020s ]
SQL: SELECT * FROM `ims_currencyrate` WHERE ( code='HKD' ) LIMIT 1   [ RunTime:0.0029s ]
INFO: [ view_parse ] --START--
INFO: [ template_filter ] --START--
INFO: Run Behavior\ContentReplaceBehavior [ RunTime:0.000976s ]
INFO: [ template_filter ] --END-- [ RunTime:0.000976s ]
INFO: Run Behavior\ParseTemplateBehavior [ RunTime:0.031248s ]
INFO: [ view_parse ] --END-- [ RunTime:0.031248s ]
INFO: [ view_filter ] --START--
INFO: Run Behavior\WriteHtmlCacheBehavior [ RunTime:0.000977s ]
INFO: [ view_filter ] --END-- [ RunTime:0.000977s ]
INFO: [ app_end ] --START--
INFO: Run Behavior\ShowPageTraceBehavior [ RunTime:0.000976s ]
INFO: [ app_end ] --END-- [ RunTime:0.000976s ]

[ 2019-10-24T07:28:07+08:00 ] 47.101.201.186 /
INFO: [ app_init ] --START--
INFO: Run Behavior\BuildLiteBehavior [ RunTime:0.000000s ]
INFO: [ app_init ] --END-- [ RunTime:0.000976s ]
INFO: [ app_begin ] --START--
INFO: Run Behavior\ReadHtmlCacheBehavior [ RunTime:0.000000s ]
INFO: Run Behavior\CheckLangBehavior [ RunTime:0.000977s ]
INFO: [ app_begin ] --END-- [ RunTime:0.000977s ]
SQL: SHOW COLUMNS FROM `qy_block` [ RunTime:0.0029s ]
SQL: SELECT * FROM `qy_block` WHERE ( title = 'index_logo' ) LIMIT 1   [ RunTime:0.0039s ]
SQL: SELECT * FROM `qy_block` WHERE ( title = 'index_about' ) LIMIT 1   [ RunTime:0.0029s ]
SQL: SELECT * FROM `qy_block` WHERE ( title = 'dinner_index' ) LIMIT 1   [ RunTime:0.0020s ]
SQL: SELECT * FROM `qy_block` WHERE ( title = 'Water_index' ) LIMIT 1   [ RunTime:0.0029s ]
SQL: SELECT * FROM `qy_block` WHERE ( title = 'Activity_index' ) LIMIT 1   [ RunTime:0.0029s ]
SQL: SELECT * FROM `qy_block` WHERE ( title = 'Product_index' ) LIMIT 1   [ RunTime:0.0029s ]
SQL: SELECT * FROM `qy_block` WHERE ( title = 'honor_index' ) LIMIT 1   [ RunTime:0.0020s ]
NOTIC: [8] Undefined index: aa D:\www\ahnluh.com\Application\Home\Controller\IndexController.class.php 第 61 行.
INFO: [ view_parse ] --START--
INFO: [ template_filter ] --START--
INFO: Run Behavior\ContentReplaceBehavior [ RunTime:0.000000s ]
INFO: [ template_filter ] --END-- [ RunTime:0.000000s ]
NOTIC: [8] Undefined index: think_language D:\www\ahnluh.com\Application\Runtime\Cache\Home\2a94b8bda04ff446dcedd42276fc99ee.php 第 8 行.
NOTIC: [8] Undefined index: think_language D:\www\ahnluh.com\Application\Runtime\Cache\Home\2a94b8bda04ff446dcedd42276fc99ee.php 第 14 行.
NOTIC: [8] Undefined index: think_language D:\www\ahnluh.com\Application\Runtime\Cache\Home\2a94b8bda04ff446dcedd42276fc99ee.php 第 160 行.
NOTIC: [8] Undefined index: think_language D:\www\ahnluh.com\Application\Runtime\Cache\Home\2a94b8bda04ff446dcedd42276fc99ee.php 第 846 行.
NOTIC: [8] Undefined index: think_language D:\www\ahnluh.com\Application\Runtime\Cache\Home\2a94b8bda04ff446dcedd42276fc99ee.php 第 859 行.
INFO: Run Behavior\ParseTemplateBehavior [ RunTime:0.022462s ]
INFO: [ view_parse ] --END-- [ RunTime:0.022462s ]
INFO: [ view_filter ] --START--
INFO: Run Behavior\WriteHtmlCacheBehavior [ RunTime:0.002930s ]
INFO: [ view_filter ] --END-- [ RunTime:0.002930s ]
INFO: [ app_end ] --START--
INFO: Run Behavior\ShowPageTraceBehavior [ RunTime:0.000977s ]
INFO: [ app_end ] --END-- [ RunTime:0.000977s ]

[ 2019-10-24T15:42:08+08:00 ] 47.98.104.91 /
INFO: [ app_init ] --START--
INFO: Run Behavior\BuildLiteBehavior [ RunTime:0.000000s ]
INFO: [ app_init ] --END-- [ RunTime:0.000000s ]
INFO: [ app_begin ] --START--
INFO: Run Behavior\ReadHtmlCacheBehavior [ RunTime:0.000977s ]
INFO: Run Behavior\CheckLangBehavior [ RunTime:0.000976s ]
INFO: [ app_begin ] --END-- [ RunTime:0.001953s ]
SQL: SHOW COLUMNS FROM `qy_block` [ RunTime:0.0029s ]
SQL: SELECT * FROM `qy_block` WHERE ( title = 'index_logo' ) LIMIT 1   [ RunTime:0.0020s ]
SQL: SELECT * FROM `qy_block` WHERE ( title = 'index_about' ) LIMIT 1   [ RunTime:0.0029s ]
SQL: SELECT * FROM `qy_block` WHERE ( title = 'dinner_index' ) LIMIT 1   [ RunTime:0.0020s ]
SQL: SELECT * FROM `qy_block` WHERE ( title = 'Water_index' ) LIMIT 1   [ RunTime:0.0029s ]
SQL: SELECT * FROM `qy_block` WHERE ( title = 'Activity_index' ) LIMIT 1   [ RunTime:0.0029s ]
SQL: SELECT * FROM `qy_block` WHERE ( title = 'Product_index' ) LIMIT 1   [ RunTime:0.0020s ]
SQL: SELECT * FROM `qy_block` WHERE ( title = 'honor_index' ) LIMIT 1   [ RunTime:0.0020s ]
NOTIC: [8] Undefined index: aa D:\www\ahnluh.com\Application\Home\Controller\IndexController.class.php 第 61 行.
INFO: [ view_parse ] --START--
INFO: [ template_filter ] --START--
INFO: Run Behavior\ContentReplaceBehavior [ RunTime:0.000000s ]
INFO: [ template_filter ] --END-- [ RunTime:0.000000s ]
NOTIC: [8] Undefined index: think_language D:\www\ahnluh.com\Application\Runtime\Cache\Home\2a94b8bda04ff446dcedd42276fc99ee.php 第 8 行.
NOTIC: [8] Undefined index: think_language D:\www\ahnluh.com\Application\Runtime\Cache\Home\2a94b8bda04ff446dcedd42276fc99ee.php 第 14 行.
NOTIC: [8] Undefined index: think_language D:\www\ahnluh.com\Application\Runtime\Cache\Home\2a94b8bda04ff446dcedd42276fc99ee.php 第 160 行.
NOTIC: [8] Undefined index: think_language D:\www\ahnluh.com\Application\Runtime\Cache\Home\2a94b8bda04ff446dcedd42276fc99ee.php 第 846 行.
NOTIC: [8] Undefined index: think_language D:\www\ahnluh.com\Application\Runtime\Cache\Home\2a94b8bda04ff446dcedd42276fc99ee.php 第 859 行.
INFO: Run Behavior\ParseTemplateBehavior [ RunTime:0.023438s ]
INFO: [ view_parse ] --END-- [ RunTime:0.023438s ]
INFO: [ view_filter ] --START--
INFO: Run Behavior\WriteHtmlCacheBehavior [ RunTime:0.000000s ]
INFO: [ view_filter ] --END-- [ RunTime:0.000000s ]
INFO: [ app_end ] --START--
INFO: Run Behavior\ShowPageTraceBehavior [ RunTime:0.000977s ]
INFO: [ app_end ] --END-- [ RunTime:0.000977s ]

[ 2019-10-24T21:55:05+08:00 ] 106.11.157.52 /index.php/Water/index?lang=zh-cn
INFO: [ app_init ] --START--
INFO: Run Behavior\BuildLiteBehavior [ RunTime:0.000000s ]
INFO: [ app_init ] --END-- [ RunTime:0.000000s ]
INFO: [ app_begin ] --START--
INFO: Run Behavior\ReadHtmlCacheBehavior [ RunTime:0.000976s ]
INFO: Run Behavior\CheckLangBehavior [ RunTime:0.000977s ]
INFO: [ app_begin ] --END-- [ RunTime:0.001953s ]
SQL: SHOW COLUMNS FROM `qy_block` [ RunTime:0.0029s ]
SQL: SELECT * FROM `qy_block` WHERE ( title = 'Water_index' ) LIMIT 1   [ RunTime:0.0020s ]
SQL: SHOW COLUMNS FROM `qy_shuiliao` [ RunTime:0.0039s ]
SQL: SELECT * FROM `qy_shuiliao` ORDER BY id desc  [ RunTime:0.0029s ]
INFO: [ view_parse ] --START--
INFO: [ template_filter ] --START--
INFO: Run Behavior\ContentReplaceBehavior [ RunTime:0.000000s ]
INFO: [ template_filter ] --END-- [ RunTime:0.000000s ]
INFO: Run Behavior\ParseTemplateBehavior [ RunTime:0.021483s ]
INFO: [ view_parse ] --END-- [ RunTime:0.021483s ]
INFO: [ view_filter ] --START--
INFO: Run Behavior\WriteHtmlCacheBehavior [ RunTime:0.000977s ]
INFO: [ view_filter ] --END-- [ RunTime:0.000977s ]
INFO: [ app_end ] --START--
INFO: Run Behavior\ShowPageTraceBehavior [ RunTime:0.000976s ]
INFO: [ app_end ] --END-- [ RunTime:0.000976s ]

