[ 2017-10-26T22:12:39+08:00 ] 140.205.225.203 /
INFO: [ app_init ] --START--
INFO: Run Behavior\BuildLiteBehavior [ RunTime:0.000011s ]
INFO: [ app_init ] --END-- [ RunTime:0.000263s ]
INFO: [ app_begin ] --START--
INFO: Run Behavior\ReadHtmlCacheBehavior [ RunTime:0.000347s ]
INFO: [ app_begin ] --END-- [ RunTime:0.000393s ]
INFO: [ view_parse ] --START--
INFO: [ template_filter ] --START--
INFO: Run Behavior\ContentReplaceBehavior [ RunTime:0.001126s ]
INFO: [ template_filter ] --END-- [ RunTime:0.001179s ]
INFO: Run Behavior\ParseTemplateBehavior [ RunTime:0.025779s ]
INFO: [ view_parse ] --END-- [ RunTime:0.025825s ]
INFO: [ view_filter ] --START--
INFO: Run Behavior\WriteHtmlCacheBehavior [ RunTime:0.003443s ]
INFO: [ view_filter ] --END-- [ RunTime:0.003479s ]
INFO: [ app_end ] --START--
INFO: Run Behavior\ShowPageTraceBehavior [ RunTime:0.004455s ]
INFO: [ app_end ] --END-- [ RunTime:0.004507s ]

[ 2017-10-26T22:12:40+08:00 ] 140.205.225.203 /phpmyadmin/
INFO: [ app_init ] --START--
INFO: Run Behavior\BuildLiteBehavior [ RunTime:0.000013s ]
INFO: [ app_init ] --END-- [ RunTime:0.002322s ]
INFO: [ app_begin ] --START--
INFO: Run Behavior\ReadHtmlCacheBehavior [ RunTime:0.000327s ]
INFO: [ app_begin ] --END-- [ RunTime:0.000369s ]
ERR: 无法加载控制器:Phpmyadmin

[ 2017-10-26T22:12:41+08:00 ] 140.205.225.203 /phpmyadmin/
INFO: [ app_init ] --START--
INFO: Run Behavior\BuildLiteBehavior [ RunTime:0.000013s ]
INFO: [ app_init ] --END-- [ RunTime:0.000259s ]
INFO: [ app_begin ] --START--
INFO: Run Behavior\ReadHtmlCacheBehavior [ RunTime:0.000345s ]
INFO: [ app_begin ] --END-- [ RunTime:0.000391s ]
ERR: 无法加载控制器:Phpmyadmin

[ 2017-10-26T22:12:41+08:00 ] 140.205.225.203 /phpmyadmin/
INFO: [ app_init ] --START--
INFO: Run Behavior\BuildLiteBehavior [ RunTime:0.000012s ]
INFO: [ app_init ] --END-- [ RunTime:0.002303s ]
INFO: [ app_begin ] --START--
INFO: Run Behavior\ReadHtmlCacheBehavior [ RunTime:0.000330s ]
INFO: [ app_begin ] --END-- [ RunTime:0.000372s ]
ERR: 无法加载控制器:Phpmyadmin

[ 2017-10-26T22:12:41+08:00 ] 140.205.225.203 /phpmyadmin/
INFO: [ app_init ] --START--
INFO: Run Behavior\BuildLiteBehavior [ RunTime:0.000013s ]
INFO: [ app_init ] --END-- [ RunTime:0.000265s ]
INFO: [ app_begin ] --START--
INFO: Run Behavior\ReadHtmlCacheBehavior [ RunTime:0.002953s ]
INFO: [ app_begin ] --END-- [ RunTime:0.003007s ]
ERR: 无法加载控制器:Phpmyadmin

[ 2017-10-26T22:12:41+08:00 ] 140.205.225.203 /phpmyadmin/
INFO: [ app_init ] --START--
INFO: Run Behavior\BuildLiteBehavior [ RunTime:0.000017s ]
INFO: [ app_init ] --END-- [ RunTime:0.000265s ]
INFO: [ app_begin ] --START--
INFO: Run Behavior\ReadHtmlCacheBehavior [ RunTime:0.000331s ]
INFO: [ app_begin ] --END-- [ RunTime:0.000373s ]
ERR: 无法加载控制器:Phpmyadmin

[ 2017-10-26T22:12:41+08:00 ] 140.205.225.203 /phpmyadmin/
INFO: [ app_init ] --START--
INFO: Run Behavior\BuildLiteBehavior [ RunTime:0.001886s ]
INFO: [ app_init ] --END-- [ RunTime:0.002148s ]
INFO: [ app_begin ] --START--
INFO: Run Behavior\ReadHtmlCacheBehavior [ RunTime:0.000398s ]
INFO: [ app_begin ] --END-- [ RunTime:0.000442s ]
ERR: 无法加载控制器:Phpmyadmin

[ 2017-10-26T22:12:41+08:00 ] 140.205.225.203 /phpmyadmin/
INFO: [ app_init ] --START--
INFO: Run Behavior\BuildLiteBehavior [ RunTime:0.000015s ]
INFO: [ app_init ] --END-- [ RunTime:0.000277s ]
INFO: [ app_begin ] --START--
INFO: Run Behavior\ReadHtmlCacheBehavior [ RunTime:0.001406s ]
INFO: [ app_begin ] --END-- [ RunTime:0.001453s ]
ERR: 无法加载控制器:Phpmyadmin

[ 2017-10-26T22:12:41+08:00 ] 140.205.225.203 /phpmyadmin/
INFO: [ app_init ] --START--
INFO: Run Behavior\BuildLiteBehavior [ RunTime:0.000012s ]
INFO: [ app_init ] --END-- [ RunTime:0.000279s ]
INFO: [ app_begin ] --START--
INFO: Run Behavior\ReadHtmlCacheBehavior [ RunTime:0.002402s ]
INFO: [ app_begin ] --END-- [ RunTime:0.002445s ]
ERR: 无法加载控制器:Phpmyadmin

[ 2017-10-26T22:12:41+08:00 ] 140.205.225.203 /phpmyadmin/
INFO: [ app_init ] --START--
INFO: Run Behavior\BuildLiteBehavior [ RunTime:0.000017s ]
INFO: [ app_init ] --END-- [ RunTime:0.000284s ]
INFO: [ app_begin ] --START--
INFO: Run Behavior\ReadHtmlCacheBehavior [ RunTime:0.003792s ]
INFO: [ app_begin ] --END-- [ RunTime:0.003835s ]
ERR: 无法加载控制器:Phpmyadmin

[ 2017-10-26T22:12:41+08:00 ] 140.205.225.203 /phpmyadmin/
INFO: [ app_init ] --START--
INFO: Run Behavior\BuildLiteBehavior [ RunTime:0.000014s ]
INFO: [ app_init ] --END-- [ RunTime:0.000276s ]
INFO: [ app_begin ] --START--
INFO: Run Behavior\ReadHtmlCacheBehavior [ RunTime:0.000335s ]
INFO: [ app_begin ] --END-- [ RunTime:0.000376s ]
ERR: 无法加载控制器:Phpmyadmin

[ 2017-10-26T22:12:41+08:00 ] 140.205.225.203 /phpmyadmin/
INFO: [ app_init ] --START--
INFO: Run Behavior\BuildLiteBehavior [ RunTime:0.000011s ]
INFO: [ app_init ] --END-- [ RunTime:0.000254s ]
INFO: [ app_begin ] --START--
INFO: Run Behavior\ReadHtmlCacheBehavior [ RunTime:0.000315s ]
INFO: [ app_begin ] --END-- [ RunTime:0.000356s ]
ERR: 无法加载控制器:Phpmyadmin

[ 2017-10-26T22:12:41+08:00 ] 140.205.225.203 /phpmyadmin/
INFO: [ app_init ] --START--
INFO: Run Behavior\BuildLiteBehavior [ RunTime:0.000013s ]
INFO: [ app_init ] --END-- [ RunTime:0.000262s ]
INFO: [ app_begin ] --START--
INFO: Run Behavior\ReadHtmlCacheBehavior [ RunTime:0.000321s ]
INFO: [ app_begin ] --END-- [ RunTime:0.000366s ]
ERR: 无法加载控制器:Phpmyadmin

[ 2017-10-26T22:12:41+08:00 ] 140.205.225.203 /phpmyadmin/
INFO: [ app_init ] --START--
INFO: Run Behavior\BuildLiteBehavior [ RunTime:0.000011s ]
INFO: [ app_init ] --END-- [ RunTime:0.000247s ]
INFO: [ app_begin ] --START--
INFO: Run Behavior\ReadHtmlCacheBehavior [ RunTime:0.002398s ]
INFO: [ app_begin ] --END-- [ RunTime:0.002440s ]
ERR: 无法加载控制器:Phpmyadmin

[ 2017-10-26T22:12:41+08:00 ] 140.205.225.203 /phpmyadmin/
INFO: [ app_init ] --START--
INFO: Run Behavior\BuildLiteBehavior [ RunTime:0.000011s ]
INFO: [ app_init ] --END-- [ RunTime:0.002335s ]
INFO: [ app_begin ] --START--
INFO: Run Behavior\ReadHtmlCacheBehavior [ RunTime:0.000348s ]
INFO: [ app_begin ] --END-- [ RunTime:0.000393s ]
ERR: 无法加载控制器:Phpmyadmin

[ 2017-10-26T22:12:41+08:00 ] 140.205.225.203 /phpmyadmin/
INFO: [ app_init ] --START--
INFO: Run Behavior\BuildLiteBehavior [ RunTime:0.004134s ]
INFO: [ app_init ] --END-- [ RunTime:0.004373s ]
INFO: [ app_begin ] --START--
INFO: Run Behavior\ReadHtmlCacheBehavior [ RunTime:0.001887s ]
INFO: [ app_begin ] --END-- [ RunTime:0.001930s ]
ERR: 无法加载控制器:Phpmyadmin

[ 2017-10-26T22:12:41+08:00 ] 140.205.225.203 /phpmyadmin/
INFO: [ app_init ] --START--
INFO: Run Behavior\BuildLiteBehavior [ RunTime:0.000012s ]
INFO: [ app_init ] --END-- [ RunTime:0.000258s ]
INFO: [ app_begin ] --START--
INFO: Run Behavior\ReadHtmlCacheBehavior [ RunTime:0.000328s ]
INFO: [ app_begin ] --END-- [ RunTime:0.000371s ]
ERR: 无法加载控制器:Phpmyadmin

[ 2017-10-26T22:12:41+08:00 ] 140.205.225.203 /phpmyadmin/
INFO: [ app_init ] --START--
INFO: Run Behavior\BuildLiteBehavior [ RunTime:0.000012s ]
INFO: [ app_init ] --END-- [ RunTime:0.002873s ]
INFO: [ app_begin ] --START--
INFO: Run Behavior\ReadHtmlCacheBehavior [ RunTime:0.000960s ]
INFO: [ app_begin ] --END-- [ RunTime:0.001004s ]
ERR: 无法加载控制器:Phpmyadmin

[ 2017-10-26T22:12:41+08:00 ] 140.205.225.203 /phpmyadmin/
INFO: [ app_init ] --START--
INFO: Run Behavior\BuildLiteBehavior [ RunTime:0.000010s ]
INFO: [ app_init ] --END-- [ RunTime:0.000263s ]
INFO: [ app_begin ] --START--
INFO: Run Behavior\ReadHtmlCacheBehavior [ RunTime:0.001285s ]
INFO: [ app_begin ] --END-- [ RunTime:0.001328s ]
ERR: 无法加载控制器:Phpmyadmin

[ 2017-10-26T22:12:41+08:00 ] 140.205.225.203 /phpmyadmin/
INFO: [ app_init ] --START--
INFO: Run Behavior\BuildLiteBehavior [ RunTime:0.000011s ]
INFO: [ app_init ] --END-- [ RunTime:0.000253s ]
INFO: [ app_begin ] --START--
INFO: Run Behavior\ReadHtmlCacheBehavior [ RunTime:0.000315s ]
INFO: [ app_begin ] --END-- [ RunTime:0.000355s ]
ERR: 无法加载控制器:Phpmyadmin

[ 2017-10-26T22:12:41+08:00 ] 140.205.225.203 /phpmyadmin/
INFO: [ app_init ] --START--
INFO: Run Behavior\BuildLiteBehavior [ RunTime:0.000012s ]
INFO: [ app_init ] --END-- [ RunTime:0.001760s ]
INFO: [ app_begin ] --START--
INFO: Run Behavior\ReadHtmlCacheBehavior [ RunTime:0.000401s ]
INFO: [ app_begin ] --END-- [ RunTime:0.001498s ]
ERR: 无法加载控制器:Phpmyadmin

[ 2017-10-26T22:12:42+08:00 ] 140.205.225.203 /
INFO: [ app_init ] --START--
INFO: Run Behavior\BuildLiteBehavior [ RunTime:0.000011s ]
INFO: [ app_init ] --END-- [ RunTime:0.001396s ]
INFO: [ app_begin ] --START--
INFO: Run Behavior\ReadHtmlCacheBehavior [ RunTime:0.000320s ]
INFO: [ app_begin ] --END-- [ RunTime:0.000362s ]
INFO: [ view_parse ] --START--
INFO: [ template_filter ] --START--
INFO: Run Behavior\ContentReplaceBehavior [ RunTime:0.000073s ]
INFO: [ template_filter ] --END-- [ RunTime:0.000125s ]
INFO: Run Behavior\ParseTemplateBehavior [ RunTime:0.027198s ]
INFO: [ view_parse ] --END-- [ RunTime:0.027243s ]
INFO: [ view_filter ] --START--
INFO: Run Behavior\WriteHtmlCacheBehavior [ RunTime:0.000136s ]
INFO: [ view_filter ] --END-- [ RunTime:0.000171s ]
INFO: [ app_end ] --START--
INFO: Run Behavior\ShowPageTraceBehavior [ RunTime:0.001437s ]
INFO: [ app_end ] --END-- [ RunTime:0.001485s ]

[ 2017-10-26T22:13:26+08:00 ] 140.205.225.203 /rkdziucopwnx
INFO: [ app_init ] --START--
INFO: Run Behavior\BuildLiteBehavior [ RunTime:0.000013s ]
INFO: [ app_init ] --END-- [ RunTime:0.000272s ]
INFO: [ app_begin ] --START--
INFO: Run Behavior\ReadHtmlCacheBehavior [ RunTime:0.000333s ]
INFO: [ app_begin ] --END-- [ RunTime:0.000421s ]
ERR: 无法加载控制器:Rkdziucopwnx

[ 2017-10-26T22:13:27+08:00 ] 140.205.225.203 /rkdziucopwnx
INFO: [ app_init ] --START--
INFO: Run Behavior\BuildLiteBehavior [ RunTime:0.000011s ]
INFO: [ app_init ] --END-- [ RunTime:0.000250s ]
INFO: [ app_begin ] --START--
INFO: Run Behavior\ReadHtmlCacheBehavior [ RunTime:0.000327s ]
INFO: [ app_begin ] --END-- [ RunTime:0.000369s ]
ERR: 无法加载控制器:Rkdziucopwnx

[ 2017-10-26T22:13:27+08:00 ] 140.205.225.203 /rkdziucopwnx
INFO: [ app_init ] --START--
INFO: Run Behavior\BuildLiteBehavior [ RunTime:0.000012s ]
INFO: [ app_init ] --END-- [ RunTime:0.000252s ]
INFO: [ app_begin ] --START--
INFO: Run Behavior\ReadHtmlCacheBehavior [ RunTime:0.000320s ]
INFO: [ app_begin ] --END-- [ RunTime:0.000362s ]
ERR: 无法加载控制器:Rkdziucopwnx

[ 2017-10-26T22:14:15+08:00 ] 140.205.225.203 /
INFO: [ app_init ] --START--
INFO: Run Behavior\BuildLiteBehavior [ RunTime:0.000013s ]
INFO: [ app_init ] --END-- [ RunTime:0.000301s ]
INFO: [ app_begin ] --START--
INFO: Run Behavior\ReadHtmlCacheBehavior [ RunTime:0.000320s ]
INFO: [ app_begin ] --END-- [ RunTime:0.000361s ]
INFO: [ view_parse ] --START--
INFO: [ template_filter ] --START--
INFO: Run Behavior\ContentReplaceBehavior [ RunTime:0.000068s ]
INFO: [ template_filter ] --END-- [ RunTime:0.000119s ]
INFO: Run Behavior\ParseTemplateBehavior [ RunTime:0.010088s ]
INFO: [ view_parse ] --END-- [ RunTime:0.010137s ]
INFO: [ view_filter ] --START--
INFO: Run Behavior\WriteHtmlCacheBehavior [ RunTime:0.000134s ]
INFO: [ view_filter ] --END-- [ RunTime:0.000169s ]
INFO: [ app_end ] --START--
INFO: Run Behavior\ShowPageTraceBehavior [ RunTime:0.000368s ]
INFO: [ app_end ] --END-- [ RunTime:0.000414s ]

[ 2017-10-26T22:14:46+08:00 ] 140.205.225.203 /
INFO: [ app_init ] --START--
INFO: Run Behavior\BuildLiteBehavior [ RunTime:0.000013s ]
INFO: [ app_init ] --END-- [ RunTime:0.000252s ]
INFO: [ app_begin ] --START--
INFO: Run Behavior\ReadHtmlCacheBehavior [ RunTime:0.000327s ]
INFO: [ app_begin ] --END-- [ RunTime:0.001419s ]
INFO: [ view_parse ] --START--
INFO: [ template_filter ] --START--
INFO: Run Behavior\ContentReplaceBehavior [ RunTime:0.000063s ]
INFO: [ template_filter ] --END-- [ RunTime:0.000132s ]
INFO: Run Behavior\ParseTemplateBehavior [ RunTime:0.015940s ]
INFO: [ view_parse ] --END-- [ RunTime:0.015990s ]
INFO: [ view_filter ] --START--
INFO: Run Behavior\WriteHtmlCacheBehavior [ RunTime:0.000133s ]
INFO: [ view_filter ] --END-- [ RunTime:0.000210s ]
INFO: [ app_end ] --START--
INFO: Run Behavior\ShowPageTraceBehavior [ RunTime:0.000380s ]
INFO: [ app_end ] --END-- [ RunTime:0.000423s ]

[ 2017-10-26T22:16:17+08:00 ] 140.205.225.203 /clusters.jsf
INFO: [ app_init ] --START--
INFO: Run Behavior\BuildLiteBehavior [ RunTime:0.000015s ]
INFO: [ app_init ] --END-- [ RunTime:0.000264s ]
INFO: [ app_begin ] --START--
INFO: Run Behavior\ReadHtmlCacheBehavior [ RunTime:0.000329s ]
INFO: [ app_begin ] --END-- [ RunTime:0.000372s ]
ERR: 无法加载控制器:Clusters

[ 2017-10-26T22:17:49+08:00 ] 140.205.225.203 /
INFO: [ app_init ] --START--
INFO: Run Behavior\BuildLiteBehavior [ RunTime:0.000015s ]
INFO: [ app_init ] --END-- [ RunTime:0.000289s ]
INFO: [ app_begin ] --START--
INFO: Run Behavior\ReadHtmlCacheBehavior [ RunTime:0.000384s ]
INFO: [ app_begin ] --END-- [ RunTime:0.000425s ]
INFO: [ view_parse ] --START--
INFO: [ template_filter ] --START--
INFO: Run Behavior\ContentReplaceBehavior [ RunTime:0.000115s ]
INFO: [ template_filter ] --END-- [ RunTime:0.000187s ]
INFO: Run Behavior\ParseTemplateBehavior [ RunTime:0.013443s ]
INFO: [ view_parse ] --END-- [ RunTime:0.013483s ]
INFO: [ view_filter ] --START--
INFO: Run Behavior\WriteHtmlCacheBehavior [ RunTime:0.000130s ]
INFO: [ view_filter ] --END-- [ RunTime:0.000166s ]
INFO: [ app_end ] --START--
INFO: Run Behavior\ShowPageTraceBehavior [ RunTime:0.000486s ]
INFO: [ app_end ] --END-- [ RunTime:0.000530s ]

[ 2017-10-26T22:18:02+08:00 ] 140.205.225.203 /hwi/
INFO: [ app_init ] --START--
INFO: Run Behavior\BuildLiteBehavior [ RunTime:0.000016s ]
INFO: [ app_init ] --END-- [ RunTime:0.000303s ]
INFO: [ app_begin ] --START--
INFO: Run Behavior\ReadHtmlCacheBehavior [ RunTime:0.000325s ]
INFO: [ app_begin ] --END-- [ RunTime:0.000367s ]
ERR: 无法加载控制器:Hwi

[ 2017-10-26T22:18:03+08:00 ] 140.205.225.203 /
INFO: [ app_init ] --START--
INFO: Run Behavior\BuildLiteBehavior [ RunTime:0.000013s ]
INFO: [ app_init ] --END-- [ RunTime:0.000260s ]
INFO: [ app_begin ] --START--
INFO: Run Behavior\ReadHtmlCacheBehavior [ RunTime:0.000358s ]
INFO: [ app_begin ] --END-- [ RunTime:0.000399s ]
INFO: [ view_parse ] --START--
INFO: [ template_filter ] --START--
INFO: Run Behavior\ContentReplaceBehavior [ RunTime:0.000056s ]
INFO: [ template_filter ] --END-- [ RunTime:0.000098s ]
INFO: Run Behavior\ParseTemplateBehavior [ RunTime:0.009673s ]
INFO: [ view_parse ] --END-- [ RunTime:0.009713s ]
INFO: [ view_filter ] --START--
INFO: Run Behavior\WriteHtmlCacheBehavior [ RunTime:0.000114s ]
INFO: [ view_filter ] --END-- [ RunTime:0.000147s ]
INFO: [ app_end ] --START--
INFO: Run Behavior\ShowPageTraceBehavior [ RunTime:0.000335s ]
INFO: [ app_end ] --END-- [ RunTime:0.000376s ]

[ 2017-10-26T22:18:05+08:00 ] 140.205.225.203 /
INFO: [ app_init ] --START--
INFO: Run Behavior\BuildLiteBehavior [ RunTime:0.000013s ]
INFO: [ app_init ] --END-- [ RunTime:0.000261s ]
INFO: [ app_begin ] --START--
INFO: Run Behavior\ReadHtmlCacheBehavior [ RunTime:0.000317s ]
INFO: [ app_begin ] --END-- [ RunTime:0.000357s ]
INFO: [ view_parse ] --START--
INFO: [ template_filter ] --START--
INFO: Run Behavior\ContentReplaceBehavior [ RunTime:0.000055s ]
INFO: [ template_filter ] --END-- [ RunTime:0.000099s ]
INFO: Run Behavior\ParseTemplateBehavior [ RunTime:0.009577s ]
INFO: [ view_parse ] --END-- [ RunTime:0.009619s ]
INFO: [ view_filter ] --START--
INFO: Run Behavior\WriteHtmlCacheBehavior [ RunTime:0.000121s ]
INFO: [ view_filter ] --END-- [ RunTime:0.000155s ]
INFO: [ app_end ] --START--
INFO: Run Behavior\ShowPageTraceBehavior [ RunTime:0.000341s ]
INFO: [ app_end ] --END-- [ RunTime:0.000424s ]

[ 2017-10-26T22:18:09+08:00 ] 140.205.225.203 /
INFO: [ app_init ] --START--
INFO: Run Behavior\BuildLiteBehavior [ RunTime:0.000013s ]
INFO: [ app_init ] --END-- [ RunTime:0.000315s ]
INFO: [ app_begin ] --START--
INFO: Run Behavior\ReadHtmlCacheBehavior [ RunTime:0.000313s ]
INFO: [ app_begin ] --END-- [ RunTime:0.000353s ]
INFO: [ view_parse ] --START--
INFO: [ template_filter ] --START--
INFO: Run Behavior\ContentReplaceBehavior [ RunTime:0.000056s ]
INFO: [ template_filter ] --END-- [ RunTime:0.000099s ]
INFO: Run Behavior\ParseTemplateBehavior [ RunTime:0.009572s ]
INFO: [ view_parse ] --END-- [ RunTime:0.009611s ]
INFO: [ view_filter ] --START--
INFO: Run Behavior\WriteHtmlCacheBehavior [ RunTime:0.000165s ]
INFO: [ view_filter ] --END-- [ RunTime:0.000200s ]
INFO: [ app_end ] --START--
INFO: Run Behavior\ShowPageTraceBehavior [ RunTime:0.000334s ]
INFO: [ app_end ] --END-- [ RunTime:0.000374s ]

[ 2017-10-26T22:18:10+08:00 ] 140.205.225.203 /matrix_callback.php
INFO: [ app_init ] --START--
INFO: Run Behavior\BuildLiteBehavior [ RunTime:0.000015s ]
INFO: [ app_init ] --END-- [ RunTime:0.000265s ]
INFO: [ app_begin ] --START--
INFO: Run Behavior\ReadHtmlCacheBehavior [ RunTime:0.000319s ]
INFO: [ app_begin ] --END-- [ RunTime:0.000362s ]
ERR: 无法加载控制器:Matrix_callback

[ 2017-10-26T22:18:10+08:00 ] 140.205.225.203 /install/index.php?step=done
INFO: [ app_init ] --START--
INFO: Run Behavior\BuildLiteBehavior [ RunTime:0.000014s ]
INFO: [ app_init ] --END-- [ RunTime:0.000263s ]
INFO: [ app_begin ] --START--
INFO: Run Behavior\ReadHtmlCacheBehavior [ RunTime:0.000317s ]
INFO: [ app_begin ] --END-- [ RunTime:0.000403s ]
ERR: 无法加载控制器:Install

[ 2017-10-26T22:18:11+08:00 ] 140.205.225.203 /index.php?task=project&view=grid&id=1&pid=updatexml(0x3a,concat(1,(md5(233))),1)&format=raw&option=com_myportfolio&Itemid=125
INFO: [ app_init ] --START--
INFO: Run Behavior\BuildLiteBehavior [ RunTime:0.000016s ]
INFO: [ app_init ] --END-- [ RunTime:0.000276s ]
INFO: [ app_begin ] --START--
INFO: Run Behavior\ReadHtmlCacheBehavior [ RunTime:0.000343s ]
INFO: [ app_begin ] --END-- [ RunTime:0.000426s ]
INFO: [ view_parse ] --START--
INFO: [ template_filter ] --START--
INFO: Run Behavior\ContentReplaceBehavior [ RunTime:0.000085s ]
INFO: [ template_filter ] --END-- [ RunTime:0.000161s ]
INFO: Run Behavior\ParseTemplateBehavior [ RunTime:0.010057s ]
INFO: [ view_parse ] --END-- [ RunTime:0.010098s ]
INFO: [ view_filter ] --START--
INFO: Run Behavior\WriteHtmlCacheBehavior [ RunTime:0.000199s ]
INFO: [ view_filter ] --END-- [ RunTime:0.000234s ]
INFO: [ app_end ] --START--
INFO: Run Behavior\ShowPageTraceBehavior [ RunTime:0.000388s ]
INFO: [ app_end ] --END-- [ RunTime:0.000430s ]

[ 2017-10-26T22:18:11+08:00 ] 140.205.225.203 /index.php?option=com_fields&view=fields&layout=modal&list%5Bfullordering%5D=updatexml(0x3a,concat(1,md5(233)),1)
INFO: [ app_init ] --START--
INFO: Run Behavior\BuildLiteBehavior [ RunTime:0.000015s ]
INFO: [ app_init ] --END-- [ RunTime:0.000271s ]
INFO: [ app_begin ] --START--
INFO: Run Behavior\ReadHtmlCacheBehavior [ RunTime:0.000369s ]
INFO: [ app_begin ] --END-- [ RunTime:0.000409s ]
INFO: [ view_parse ] --START--
INFO: [ template_filter ] --START--
INFO: Run Behavior\ContentReplaceBehavior [ RunTime:0.000060s ]
INFO: [ template_filter ] --END-- [ RunTime:0.000106s ]
INFO: Run Behavior\ParseTemplateBehavior [ RunTime:0.009605s ]
INFO: [ view_parse ] --END-- [ RunTime:0.009644s ]
INFO: [ view_filter ] --START--
INFO: Run Behavior\WriteHtmlCacheBehavior [ RunTime:0.000116s ]
INFO: [ view_filter ] --END-- [ RunTime:0.000151s ]
INFO: [ app_end ] --START--
INFO: Run Behavior\ShowPageTraceBehavior [ RunTime:0.000345s ]
INFO: [ app_end ] --END-- [ RunTime:0.000387s ]

[ 2017-10-26T22:18:12+08:00 ] 140.205.225.203 /uddiexplorer/SearchPublicRegistries.jsp?operator=http://www.alibaba.com/&rdoSearch=name&txtSearchname=sdf&txtSearchkey=&txtSearchfor=&selfor=Business+location&btnSubmit=Search
INFO: [ app_init ] --START--
INFO: Run Behavior\BuildLiteBehavior [ RunTime:0.000014s ]
INFO: [ app_init ] --END-- [ RunTime:0.000263s ]
INFO: [ app_begin ] --START--
INFO: Run Behavior\ReadHtmlCacheBehavior [ RunTime:0.000375s ]
INFO: [ app_begin ] --END-- [ RunTime:0.000418s ]
ERR: 无法加载控制器:Uddiexplorer

[ 2017-10-26T22:18:13+08:00 ] 140.205.225.203 /jobs/
INFO: [ app_init ] --START--
INFO: Run Behavior\BuildLiteBehavior [ RunTime:0.000013s ]
INFO: [ app_init ] --END-- [ RunTime:0.000273s ]
INFO: [ app_begin ] --START--
INFO: Run Behavior\ReadHtmlCacheBehavior [ RunTime:0.000316s ]
INFO: [ app_begin ] --END-- [ RunTime:0.000401s ]
ERR: 无法加载控制器:Jobs

[ 2017-10-26T22:18:14+08:00 ] 140.205.225.203 /ganglia/index.php
INFO: [ app_init ] --START--
INFO: Run Behavior\BuildLiteBehavior [ RunTime:0.000014s ]
INFO: [ app_init ] --END-- [ RunTime:0.000260s ]
INFO: [ app_begin ] --START--
INFO: Run Behavior\ReadHtmlCacheBehavior [ RunTime:0.000368s ]
INFO: [ app_begin ] --END-- [ RunTime:0.000408s ]
ERR: 无法加载控制器:Ganglia

[ 2017-10-26T22:18:14+08:00 ] 140.205.225.203 /index.php
INFO: [ app_init ] --START--
INFO: Run Behavior\BuildLiteBehavior [ RunTime:0.000015s ]
INFO: [ app_init ] --END-- [ RunTime:0.000324s ]
INFO: [ app_begin ] --START--
INFO: Run Behavior\ReadHtmlCacheBehavior [ RunTime:0.000317s ]
INFO: [ app_begin ] --END-- [ RunTime:0.000357s ]
INFO: [ view_parse ] --START--
INFO: [ template_filter ] --START--
INFO: Run Behavior\ContentReplaceBehavior [ RunTime:0.000060s ]
INFO: [ template_filter ] --END-- [ RunTime:0.000108s ]
INFO: Run Behavior\ParseTemplateBehavior [ RunTime:0.009995s ]
INFO: [ view_parse ] --END-- [ RunTime:0.010056s ]
INFO: [ view_filter ] --START--
INFO: Run Behavior\WriteHtmlCacheBehavior [ RunTime:0.000200s ]
INFO: [ view_filter ] --END-- [ RunTime:0.000236s ]
INFO: [ app_end ] --START--
INFO: Run Behavior\ShowPageTraceBehavior [ RunTime:0.000456s ]
INFO: [ app_end ] --END-- [ RunTime:0.000500s ]

[ 2017-10-26T22:18:15+08:00 ] 140.205.225.203 /rs-status
INFO: [ app_init ] --START--
INFO: Run Behavior\BuildLiteBehavior [ RunTime:0.000013s ]
INFO: [ app_init ] --END-- [ RunTime:0.000257s ]
INFO: [ app_begin ] --START--
INFO: Run Behavior\ReadHtmlCacheBehavior [ RunTime:0.000363s ]
INFO: [ app_begin ] --END-- [ RunTime:0.000404s ]
ERR: 无法加载控制器:Rs-status

[ 2017-10-26T22:18:16+08:00 ] 140.205.225.203 /plugins/content/s5_media_player/helper.php?fileurl=Li4vLi4vLi4vY29uZmlndXJhdGlvbi5waHA=
INFO: [ app_init ] --START--
INFO: Run Behavior\BuildLiteBehavior [ RunTime:0.000013s ]
INFO: [ app_init ] --END-- [ RunTime:0.000260s ]
INFO: [ app_begin ] --START--
INFO: Run Behavior\ReadHtmlCacheBehavior [ RunTime:0.000324s ]
INFO: [ app_begin ] --END-- [ RunTime:0.000365s ]
ERR: 无法加载控制器:Plugins

[ 2017-10-26T22:18:17+08:00 ] 140.205.225.203 /master-status
INFO: [ app_init ] --START--
INFO: Run Behavior\BuildLiteBehavior [ RunTime:0.000014s ]
INFO: [ app_init ] --END-- [ RunTime:0.000271s ]
INFO: [ app_begin ] --START--
INFO: Run Behavior\ReadHtmlCacheBehavior [ RunTime:0.000370s ]
INFO: [ app_begin ] --END-- [ RunTime:0.000411s ]
ERR: 无法加载控制器:Master-status

[ 2017-10-26T22:18:18+08:00 ] 140.205.225.203 /dfshealth.html
INFO: [ app_init ] --START--
INFO: Run Behavior\BuildLiteBehavior [ RunTime:0.000014s ]
INFO: [ app_init ] --END-- [ RunTime:0.000308s ]
INFO: [ app_begin ] --START--
INFO: Run Behavior\ReadHtmlCacheBehavior [ RunTime:0.000314s ]
INFO: [ app_begin ] --END-- [ RunTime:0.000355s ]
ERR: 无法加载控制器:Dfshealth

[ 2017-10-26T22:18:19+08:00 ] 140.205.225.203 /about/
INFO: [ app_init ] --START--
INFO: Run Behavior\BuildLiteBehavior [ RunTime:0.000013s ]
INFO: [ app_init ] --END-- [ RunTime:0.000309s ]
INFO: [ app_begin ] --START--
INFO: Run Behavior\ReadHtmlCacheBehavior [ RunTime:0.000318s ]
INFO: [ app_begin ] --END-- [ RunTime:0.000358s ]
ERR: 模板不存在:./Application/Home/View/About/index.html

[ 2017-10-26T22:18:20+08:00 ] 140.205.225.203 /dfshealth.jsp
INFO: [ app_init ] --START--
INFO: Run Behavior\BuildLiteBehavior [ RunTime:0.000015s ]
INFO: [ app_init ] --END-- [ RunTime:0.000275s ]
INFO: [ app_begin ] --START--
INFO: Run Behavior\ReadHtmlCacheBehavior [ RunTime:0.000319s ]
INFO: [ app_begin ] --END-- [ RunTime:0.000361s ]
ERR: 无法加载控制器:Dfshealth

[ 2017-10-26T22:18:20+08:00 ] 140.205.225.203 /hadoop/dfshealth.jsp
INFO: [ app_init ] --START--
INFO: Run Behavior\BuildLiteBehavior [ RunTime:0.000015s ]
INFO: [ app_init ] --END-- [ RunTime:0.000315s ]
INFO: [ app_begin ] --START--
INFO: Run Behavior\ReadHtmlCacheBehavior [ RunTime:0.000320s ]
INFO: [ app_begin ] --END-- [ RunTime:0.000361s ]
ERR: 无法加载控制器:Hadoop

[ 2017-10-26T22:18:22+08:00 ] 140.205.225.203 /
INFO: [ app_init ] --START--
INFO: Run Behavior\BuildLiteBehavior [ RunTime:0.000013s ]
INFO: [ app_init ] --END-- [ RunTime:0.000259s ]
INFO: [ app_begin ] --START--
INFO: Run Behavior\ReadHtmlCacheBehavior [ RunTime:0.000353s ]
INFO: [ app_begin ] --END-- [ RunTime:0.000394s ]
INFO: [ view_parse ] --START--
INFO: [ template_filter ] --START--
INFO: Run Behavior\ContentReplaceBehavior [ RunTime:0.000055s ]
INFO: [ template_filter ] --END-- [ RunTime:0.000098s ]
INFO: Run Behavior\ParseTemplateBehavior [ RunTime:0.009661s ]
INFO: [ view_parse ] --END-- [ RunTime:0.009700s ]
INFO: [ view_filter ] --START--
INFO: Run Behavior\WriteHtmlCacheBehavior [ RunTime:0.000116s ]
INFO: [ view_filter ] --END-- [ RunTime:0.000149s ]
INFO: 
INFO: 
INFO: 

[ 2017-10-26T22:18:23+08:00 ] 140.205.201.8 /?.tmp=t
INFO: [ app_init ] --START--
INFO: Run Behavior\BuildLiteBehavior [ RunTime:0.000014s ]
INFO: [ app_init ] --END-- [ RunTime:0.000259s ]
INFO: [ app_begin ] --START--
INFO: Run Behavior\ReadHtmlCacheBehavior [ RunTime:0.000365s ]
INFO: [ app_begin ] --END-- [ RunTime:0.000406s ]
INFO: [ view_parse ] --START--
INFO: [ template_filter ] --START--
INFO: Run Behavior\ContentReplaceBehavior [ RunTime:0.000064s ]
INFO: [ template_filter ] --END-- [ RunTime:0.000108s ]
INFO: Run Behavior\ParseTemplateBehavior [ RunTime:0.009697s ]
INFO: [ view_parse ] --END-- [ RunTime:0.009737s ]
INFO: [ view_filter ] --START--
INFO: Run Behavior\WriteHtmlCacheBehavior [ RunTime:0.000116s ]
INFO: [ view_filter ] --END-- [ RunTime:0.000150s ]
INFO: [ app_end ] --START--
INFO: Run Behavior\ShowPageTraceBehavior [ RunTime:0.000404s ]
INFO: [ app_end ] --END-- [ RunTime:0.000448s ]

[ 2017-10-26T22:18:24+08:00 ] 140.205.225.203 /'%22+onmouseover=alert()+d='%22
INFO: [ app_init ] --START--
INFO: Run Behavior\BuildLiteBehavior [ RunTime:0.000015s ]
INFO: [ app_init ] --END-- [ RunTime:0.000269s ]
INFO: [ app_begin ] --START--
INFO: Run Behavior\ReadHtmlCacheBehavior [ RunTime:0.000340s ]
INFO: [ app_begin ] --END-- [ RunTime:0.000381s ]
ERR: 无法加载控制器:'"+onmouseover=alert()+d='"

[ 2017-10-26T22:18:24+08:00 ] 140.205.225.203 /%27%22%20onmouseover%3Dalert%28%29%20d%3D%27%22
INFO: [ app_init ] --START--
INFO: Run Behavior\BuildLiteBehavior [ RunTime:0.000013s ]
INFO: [ app_init ] --END-- [ RunTime:0.000264s ]
INFO: [ app_begin ] --START--
INFO: Run Behavior\ReadHtmlCacheBehavior [ RunTime:0.000387s ]
INFO: [ app_begin ] --END-- [ RunTime:0.000429s ]
ERR: 无法加载控制器:'" onmouseover=alert() d='"

[ 2017-10-26T22:18:25+08:00 ] 140.205.225.203 /%2527%2522%2520onmouseover%253Dalert%2528%2529%2520d%253D%2527%2522
INFO: [ app_init ] --START--
INFO: Run Behavior\BuildLiteBehavior [ RunTime:0.000014s ]
INFO: [ app_init ] --END-- [ RunTime:0.000279s ]
INFO: [ app_begin ] --START--
INFO: Run Behavior\ReadHtmlCacheBehavior [ RunTime:0.000322s ]
INFO: [ app_begin ] --END-- [ RunTime:0.000451s ]
ERR: 无法加载控制器:'" onmouseover=alert() d='"

[ 2017-10-26T22:18:25+08:00 ] 140.205.225.203 /'%22+onmouseover=alert()+d='%22/?.tmp=t
INFO: [ app_init ] --START--
INFO: Run Behavior\BuildLiteBehavior [ RunTime:0.000013s ]
INFO: [ app_init ] --END-- [ RunTime:0.000284s ]
INFO: [ app_begin ] --START--
INFO: Run Behavior\ReadHtmlCacheBehavior [ RunTime:0.000330s ]
INFO: [ app_begin ] --END-- [ RunTime:0.000373s ]
ERR: 无法加载控制器:'"+onmouseover=alert()+d='"

[ 2017-10-26T22:18:26+08:00 ] 140.205.225.203 /%27%22%20onmouseover%3Dalert%28%29%20d%3D%27%22/?.tmp=t
INFO: [ app_init ] --START--
INFO: Run Behavior\BuildLiteBehavior [ RunTime:0.000014s ]
INFO: [ app_init ] --END-- [ RunTime:0.000269s ]
INFO: [ app_begin ] --START--
INFO: Run Behavior\ReadHtmlCacheBehavior [ RunTime:0.000331s ]
INFO: [ app_begin ] --END-- [ RunTime:0.000375s ]
ERR: 无法加载控制器:'" onmouseover=alert() d='"

[ 2017-10-26T22:18:26+08:00 ] 140.205.225.203 /%2527%2522%2520onmouseover%253Dalert%2528%2529%2520d%253D%2527%2522/?.tmp=t
INFO: [ app_init ] --START--
INFO: Run Behavior\BuildLiteBehavior [ RunTime:0.000014s ]
INFO: [ app_init ] --END-- [ RunTime:0.000308s ]
INFO: [ app_begin ] --START--
INFO: Run Behavior\ReadHtmlCacheBehavior [ RunTime:0.000321s ]
INFO: [ app_begin ] --END-- [ RunTime:0.000363s ]
ERR: 无法加载控制器:'" onmouseover=alert() d='"

[ 2017-10-26T22:18:27+08:00 ] 140.205.225.203 /'%22/%3E%3C/script%3E%3Cscript%3Ealert()%3C/script%3E
INFO: [ app_init ] --START--
INFO: Run Behavior\BuildLiteBehavior [ RunTime:0.000014s ]
INFO: [ app_init ] --END-- [ RunTime:0.000261s ]
INFO: [ app_begin ] --START--
INFO: Run Behavior\ReadHtmlCacheBehavior [ RunTime:0.000317s ]
INFO: [ app_begin ] --END-- [ RunTime:0.000356s ]
ERR: 无法加载控制器:'"

[ 2017-10-26T22:18:28+08:00 ] 140.205.225.203 /'%22/%3E%3C/script%3E%3Cscript%3Ealert()%3C/script%3E/?.tmp=t
INFO: [ app_init ] --START--
INFO: Run Behavior\BuildLiteBehavior [ RunTime:0.000013s ]
INFO: [ app_init ] --END-- [ RunTime:0.000307s ]
INFO: [ app_begin ] --START--
INFO: Run Behavior\ReadHtmlCacheBehavior [ RunTime:0.000315s ]
INFO: [ app_begin ] --END-- [ RunTime:0.000355s ]
ERR: 无法加载控制器:'"

[ 2017-10-26T22:18:30+08:00 ] 140.205.225.203 /
INFO: [ app_init ] --START--
INFO: Run Behavior\BuildLiteBehavior [ RunTime:0.000013s ]
INFO: [ app_init ] --END-- [ RunTime:0.000258s ]
INFO: [ app_begin ] --START--
INFO: Run Behavior\ReadHtmlCacheBehavior [ RunTime:0.000386s ]
INFO: [ app_begin ] --END-- [ RunTime:0.000427s ]
INFO: [ view_parse ] --START--
INFO: [ template_filter ] --START--
INFO: Run Behavior\ContentReplaceBehavior [ RunTime:0.000057s ]
INFO: [ template_filter ] --END-- [ RunTime:0.000101s ]
INFO: Run Behavior\ParseTemplateBehavior [ RunTime:0.009779s ]
INFO: [ view_parse ] --END-- [ RunTime:0.009819s ]
INFO: [ view_filter ] --START--
INFO: Run Behavior\WriteHtmlCacheBehavior [ RunTime:0.000121s ]
INFO: [ view_filter ] --END-- [ RunTime:0.000155s ]
INFO: [ app_end ] --START--
INFO: Run Behavior\ShowPageTraceBehavior [ RunTime:0.000414s ]
INFO: [ app_end ] --END-- [ RunTime:0.000459s ]

